#
# There is insufficient memory for the Java Runtime Environment to continue.
# Native memory allocation (malloc) failed to allocate 1753216 bytes for Chunk::new
# Possible reasons:
#   The system is out of physical RAM or swap space
#   In 32 bit mode, the process size limit was hit
# Possible solutions:
#   Reduce memory load on the system
#   Increase physical memory or swap space
#   Check if swap backing store is full
#   Use 64 bit Java on a 64 bit OS
#   Decrease Java heap size (-Xmx/-Xms)
#   Decrease number of Java threads
#   Decrease Java thread stack sizes (-Xss)
#   Set larger code cache with -XX:ReservedCodeCacheSize=
# This output file may be truncated or incomplete.
#
#  Out of Memory Error (allocation.cpp:390), pid=8580, tid=1740
#
# JRE version: Java(TM) SE Runtime Environment (8.0_25-b18) (build 1.8.0_25-b18)
# Java VM: Java HotSpot(TM) 64-Bit Server VM (25.25-b02 mixed mode windows-amd64 compressed oops)
# Failed to write core dump. Minidumps are not enabled by default on client versions of Windows
#

---------------  T H R E A D  ---------------

Current thread (0x0000000015af7800):  JavaThread "C2 CompilerThread0" daemon [_thread_in_native, id=1740, stack(0x00000000175d0000,0x00000000176d0000)]

Stack: [0x00000000175d0000,0x00000000176d0000]
Native frames: (J=compiled Java code, j=interpreted, Vv=VM code, C=native code)
V  [jvm.dll+0x31667a]


Current CompileTask:
C2:  10707 2001       4       com.android.dx.cf.code.Simulator$SimVisitor::visitConstant (332 bytes)


---------------  P R O C E S S  ---------------

Java Threads: ( => current thread )
  0x0000000016e72800 JavaThread "Service Thread" daemon [_thread_blocked, id=12564, stack(0x0000000017250000,0x0000000017350000)]
  0x0000000016e6f000 JavaThread "C1 CompilerThread2" daemon [_thread_blocked, id=12460, stack(0x0000000017980000,0x0000000017a80000)]
  0x0000000016e6c800 JavaThread "C2 CompilerThread1" daemon [_thread_in_native, id=10344, stack(0x0000000017750000,0x0000000017850000)]
=>0x0000000015af7800 JavaThread "C2 CompilerThread0" daemon [_thread_in_native, id=1740, stack(0x00000000175d0000,0x00000000176d0000)]
  0x0000000015af6000 JavaThread "Attach Listener" daemon [_thread_blocked, id=9060, stack(0x00000000174a0000,0x00000000175a0000)]
  0x0000000015af3000 JavaThread "Signal Dispatcher" daemon [_thread_blocked, id=4688, stack(0x0000000017390000,0x0000000017490000)]
  0x0000000015a95800 JavaThread "Finalizer" daemon [_thread_blocked, id=344, stack(0x0000000016d20000,0x0000000016e20000)]
  0x0000000015a8c800 JavaThread "Reference Handler" daemon [_thread_blocked, id=11832, stack(0x0000000016be0000,0x0000000016ce0000)]
  0x000000000232f800 JavaThread "main" [_thread_in_Java, id=12284, stack(0x0000000002e50000,0x0000000002f50000)]

Other Threads:
  0x0000000015a87000 VMThread [stack: 0x0000000016a00000,0x0000000016b00000] [id=12136]
  0x0000000016e75800 WatcherThread [stack: 0x0000000017c30000,0x0000000017d30000] [id=12972]

VM state:not at safepoint (normal execution)

VM Mutex/Monitor currently owned by a thread: None

Heap:
 PSYoungGen      total 132096K, used 103654K [0x00000000eab00000, 0x00000000fd600000, 0x0000000100000000)
  eden space 126976K, 77% used [0x00000000eab00000,0x00000000f0b40ee0,0x00000000f2700000)
  from space 5120K, 99% used [0x00000000f2700000,0x00000000f2bf8c20,0x00000000f2c00000)
  to   space 26112K, 0% used [0x00000000fbc80000,0x00000000fbc80000,0x00000000fd600000)
 ParOldGen       total 84992K, used 43628K [0x00000000c0000000, 0x00000000c5300000, 0x00000000eab00000)
  object space 84992K, 51% used [0x00000000c0000000,0x00000000c2a9b268,0x00000000c5300000)
 Metaspace       used 6059K, capacity 7152K, committed 7296K, reserved 1056768K
  class space    used 575K, capacity 616K, committed 640K, reserved 1048576K

Card table byte_map: [0x00000000125e0000,0x00000000127f0000] byte_map_base: 0x0000000011fe0000

Marking Bits: (ParMarkBitMap*) 0x0000000002c0d490
 Begin Bits: [0x0000000012f00000, 0x0000000013f00000)
 End Bits:   [0x0000000013f00000, 0x0000000014f00000)

Polling page: 0x0000000000230000

CodeCache: size=245760Kb used=8896Kb max_used=8896Kb free=236863Kb
 bounds [0x0000000003220000, 0x0000000003ae0000, 0x0000000012220000]
 total_blobs=2183 nmethods=1923 adapters=174
 compilation: enabled

Compilation events (10 events):
Event: 10.538 Thread 0x0000000016e6f000 2014       2       com.android.dx.ssa.SsaRenamer$BlockRenamer$RenamingMapper::map (28 bytes)
Event: 10.538 Thread 0x0000000016e6f000 nmethod 2014 0x0000000003a8e9d0 code [0x0000000003a8eb40, 0x0000000003a8ed28]
Event: 10.545 Thread 0x0000000016e6f000 2024   !   2       com.android.dx.cf.code.RopperMachine::run (1550 bytes)
Event: 10.558 Thread 0x0000000016e6f000 nmethod 2024 0x0000000003ace210 code [0x0000000003acec20, 0x0000000003ad3728]
Event: 10.576 Thread 0x0000000016e6f000 2041       2       com.android.dx.rop.code.Rops::opPutStatic (97 bytes)
Event: 10.576 Thread 0x0000000016e6f000 nmethod 2041 0x0000000003a91090 code [0x0000000003a91260, 0x0000000003a91798]
Event: 10.618 Thread 0x0000000016e6f000 2044       2       com.android.dx.rop.code.RegisterSpecList::indexOfRegister (38 bytes)
Event: 10.619 Thread 0x0000000016e6f000 nmethod 2044 0x0000000003a90b10 code [0x0000000003a90c80, 0x0000000003a90ec8]
Event: 10.638 Thread 0x0000000016e6f000 2047       2       com.android.dx.dex.code.RopTranslator$TranslationVisitor::addOutputSuffix (9 bytes)
Event: 10.638 Thread 0x0000000016e6f000 nmethod 2047 0x0000000003a904d0 code [0x0000000003a90640, 0x0000000003a908c8]

GC Heap History (10 events):
Event: 3.861 GC heap before
{Heap before GC invocations=1 (full 0):
 PSYoungGen      total 36864K, used 31744K [0x00000000eab00000, 0x00000000ed400000, 0x0000000100000000)
  eden space 31744K, 100% used [0x00000000eab00000,0x00000000eca00000,0x00000000eca00000)
  from space 5120K, 0% used [0x00000000ecf00000,0x00000000ecf00000,0x00000000ed400000)
  to   space 5120K, 0% used [0x00000000eca00000,0x00000000eca00000,0x00000000ecf00000)
 ParOldGen       total 84992K, used 0K [0x00000000c0000000, 0x00000000c5300000, 0x00000000eab00000)
  object space 84992K, 0% used [0x00000000c0000000,0x00000000c0000000,0x00000000c5300000)
 Metaspace       used 5724K, capacity 6960K, committed 7040K, reserved 1056768K
  class space    used 552K, capacity 616K, committed 640K, reserved 1048576K
Event: 4.726 GC heap after
Heap after GC invocations=1 (full 0):
 PSYoungGen      total 36864K, used 5115K [0x00000000eab00000, 0x00000000ef300000, 0x0000000100000000)
  eden space 31744K, 0% used [0x00000000eab00000,0x00000000eab00000,0x00000000eca00000)
  from space 5120K, 99% used [0x00000000eca00000,0x00000000ecefee80,0x00000000ecf00000)
  to   space 5120K, 0% used [0x00000000eee00000,0x00000000eee00000,0x00000000ef300000)
 ParOldGen       total 84992K, used 1385K [0x00000000c0000000, 0x00000000c5300000, 0x00000000eab00000)
  object space 84992K, 1% used [0x00000000c0000000,0x00000000c015a4e0,0x00000000c5300000)
 Metaspace       used 5724K, capacity 6960K, committed 7040K, reserved 1056768K
  class space    used 552K, capacity 616K, committed 640K, reserved 1048576K
}
Event: 5.098 GC heap before
{Heap before GC invocations=2 (full 0):
 PSYoungGen      total 36864K, used 36859K [0x00000000eab00000, 0x00000000ef300000, 0x0000000100000000)
  eden space 31744K, 100% used [0x00000000eab00000,0x00000000eca00000,0x00000000eca00000)
  from space 5120K, 99% used [0x00000000eca00000,0x00000000ecefee80,0x00000000ecf00000)
  to   space 5120K, 0% used [0x00000000eee00000,0x00000000eee00000,0x00000000ef300000)
 ParOldGen       total 84992K, used 1385K [0x00000000c0000000, 0x00000000c5300000, 0x00000000eab00000)
  object space 84992K, 1% used [0x00000000c0000000,0x00000000c015a4e0,0x00000000c5300000)
 Metaspace       used 5845K, capacity 7088K, committed 7296K, reserved 1056768K
  class space    used 555K, capacity 616K, committed 640K, reserved 1048576K
Event: 5.137 GC heap after
Heap after GC invocations=2 (full 0):
 PSYoungGen      total 68608K, used 5107K [0x00000000eab00000, 0x00000000ef300000, 0x0000000100000000)
  eden space 63488K, 0% used [0x00000000eab00000,0x00000000eab00000,0x00000000ee900000)
  from space 5120K, 99% used [0x00000000eee00000,0x00000000ef2fce80,0x00000000ef300000)
  to   space 5120K, 0% used [0x00000000ee900000,0x00000000ee900000,0x00000000eee00000)
 ParOldGen       total 84992K, used 5614K [0x00000000c0000000, 0x00000000c5300000, 0x00000000eab00000)
  object space 84992K, 6% used [0x00000000c0000000,0x00000000c057bb78,0x00000000c5300000)
 Metaspace       used 5845K, capacity 7088K, committed 7296K, reserved 1056768K
  class space    used 555K, capacity 616K, committed 640K, reserved 1048576K
}
Event: 5.813 GC heap before
{Heap before GC invocations=3 (full 0):
 PSYoungGen      total 68608K, used 68595K [0x00000000eab00000, 0x00000000ef300000, 0x0000000100000000)
  eden space 63488K, 100% used [0x00000000eab00000,0x00000000ee900000,0x00000000ee900000)
  from space 5120K, 99% used [0x00000000eee00000,0x00000000ef2fce80,0x00000000ef300000)
  to   space 5120K, 0% used [0x00000000ee900000,0x00000000ee900000,0x00000000eee00000)
 ParOldGen       total 84992K, used 5614K [0x00000000c0000000, 0x00000000c5300000, 0x00000000eab00000)
  object space 84992K, 6% used [0x00000000c0000000,0x00000000c057bb78,0x00000000c5300000)
 Metaspace       used 5878K, capacity 7088K, committed 7296K, reserved 1056768K
  class space    used 555K, capacity 616K, committed 640K, reserved 1048576K
Event: 5.927 GC heap after
Heap after GC invocations=3 (full 0):
 PSYoungGen      total 68608K, used 5110K [0x00000000eab00000, 0x00000000f3100000, 0x0000000100000000)
  eden space 63488K, 0% used [0x00000000eab00000,0x00000000eab00000,0x00000000ee900000)
  from space 5120K, 99% used [0x00000000ee900000,0x00000000eedfd8a8,0x00000000eee00000)
  to   space 5120K, 0% used [0x00000000f2c00000,0x00000000f2c00000,0x00000000f3100000)
 ParOldGen       total 84992K, used 14221K [0x00000000c0000000, 0x00000000c5300000, 0x00000000eab00000)
  object space 84992K, 16% used [0x00000000c0000000,0x00000000c0de3668,0x00000000c5300000)
 Metaspace       used 5878K, capacity 7088K, committed 7296K, reserved 1056768K
  class space    used 555K, capacity 616K, committed 640K, reserved 1048576K
}
Event: 6.583 GC heap before
{Heap before GC invocations=4 (full 0):
 PSYoungGen      total 68608K, used 68598K [0x00000000eab00000, 0x00000000f3100000, 0x0000000100000000)
  eden space 63488K, 100% used [0x00000000eab00000,0x00000000ee900000,0x00000000ee900000)
  from space 5120K, 99% used [0x00000000ee900000,0x00000000eedfd8a8,0x00000000eee00000)
  to   space 5120K, 0% used [0x00000000f2c00000,0x00000000f2c00000,0x00000000f3100000)
 ParOldGen       total 84992K, used 14221K [0x00000000c0000000, 0x00000000c5300000, 0x00000000eab00000)
  object space 84992K, 16% used [0x00000000c0000000,0x00000000c0de3668,0x00000000c5300000)
 Metaspace       used 5946K, capacity 7152K, committed 7296K, reserved 1056768K
  class space    used 556K, capacity 616K, committed 640K, reserved 1048576K
Event: 6.648 GC heap after
Heap after GC invocations=4 (full 0):
 PSYoungGen      total 132096K, used 5110K [0x00000000eab00000, 0x00000000f3100000, 0x0000000100000000)
  eden space 126976K, 0% used [0x00000000eab00000,0x00000000eab00000,0x00000000f2700000)
  from space 5120K, 99% used [0x00000000f2c00000,0x00000000f30fd990,0x00000000f3100000)
  to   space 5120K, 0% used [0x00000000f2700000,0x00000000f2700000,0x00000000f2c00000)
 ParOldGen       total 84992K, used 24018K [0x00000000c0000000, 0x00000000c5300000, 0x00000000eab00000)
  object space 84992K, 28% used [0x00000000c0000000,0x00000000c1774ab8,0x00000000c5300000)
 Metaspace       used 5946K, capacity 7152K, committed 7296K, reserved 1056768K
  class space    used 556K, capacity 616K, committed 640K, reserved 1048576K
}
Event: 7.819 GC heap before
{Heap before GC invocations=5 (full 0):
 PSYoungGen      total 132096K, used 132086K [0x00000000eab00000, 0x00000000f3100000, 0x0000000100000000)
  eden space 126976K, 100% used [0x00000000eab00000,0x00000000f2700000,0x00000000f2700000)
  from space 5120K, 99% used [0x00000000f2c00000,0x00000000f30fd990,0x00000000f3100000)
  to   space 5120K, 0% used [0x00000000f2700000,0x00000000f2700000,0x00000000f2c00000)
 ParOldGen       total 84992K, used 24018K [0x00000000c0000000, 0x00000000c5300000, 0x00000000eab00000)
  object space 84992K, 28% used [0x00000000c0000000,0x00000000c1774ab8,0x00000000c5300000)
 Metaspace       used 5960K, capacity 7152K, committed 7296K, reserved 1056768K
  class space    used 556K, capacity 616K, committed 640K, reserved 1048576K
Event: 8.135 GC heap after
Heap after GC invocations=5 (full 0):
 PSYoungGen      total 132096K, used 5091K [0x00000000eab00000, 0x00000000fd600000, 0x0000000100000000)
  eden space 126976K, 0% used [0x00000000eab00000,0x00000000eab00000,0x00000000f2700000)
  from space 5120K, 99% used [0x00000000f2700000,0x00000000f2bf8c20,0x00000000f2c00000)
  to   space 26112K, 0% used [0x00000000fbc80000,0x00000000fbc80000,0x00000000fd600000)
 ParOldGen       total 84992K, used 43628K [0x00000000c0000000, 0x00000000c5300000, 0x00000000eab00000)
  object space 84992K, 51% used [0x00000000c0000000,0x00000000c2a9b268,0x00000000c5300000)
 Metaspace       used 5960K, capacity 7152K, committed 7296K, reserved 1056768K
  class space    used 556K, capacity 616K, committed 640K, reserved 1048576K
}

Deoptimization events (10 events):
Event: 6.653 Thread 0x000000000232f800 Uncommon trap: reason=unreached action=reinterpret pc=0x0000000003784a70 method=com.android.dx.ssa.MoveParamCombiner$1.visitNonMoveInsn(Lcom/android/dx/ssa/NormalSsaInsn;)V @ 27
Event: 7.098 Thread 0x000000000232f800 Uncommon trap: reason=bimorphic action=maybe_recompile pc=0x00000000039718c0 method=com.android.dx.cf.code.BytecodeArray.parseInstruction(ILcom/android/dx/cf/code/BytecodeArray$Visitor;)I @ 2281
Event: 7.099 Thread 0x000000000232f800 Uncommon trap: reason=bimorphic action=maybe_recompile pc=0x00000000039718c0 method=com.android.dx.cf.code.BytecodeArray.parseInstruction(ILcom/android/dx/cf/code/BytecodeArray$Visitor;)I @ 2281
Event: 8.209 Thread 0x000000000232f800 Uncommon trap: reason=unloaded action=reinterpret pc=0x0000000003887d60 method=com.android.dx.cf.cst.ConstantPoolParser.parse0(ILjava/util/BitSet;)Lcom/android/dx/rop/cst/Constant; @ 220
Event: 9.251 Thread 0x000000000232f800 Uncommon trap: reason=unreached action=reinterpret pc=0x00000000039072c8 method=java.util.HashMap.getNode(ILjava/lang/Object;)Ljava/util/HashMap$Node; @ 84
Event: 10.486 Thread 0x000000000232f800 Uncommon trap: reason=class_check action=maybe_recompile pc=0x0000000003a0e4e0 method=com.android.dx.cf.code.RopperMachine.run(Lcom/android/dx/cf/code/Frame;II)V @ 1024
Event: 10.533 Thread 0x000000000232f800 Uncommon trap: reason=unreached action=reinterpret pc=0x00000000039855b0 method=java.util.HashMap.getNode(ILjava/lang/Object;)Ljava/util/HashMap$Node; @ 84
Event: 10.535 Thread 0x000000000232f800 Uncommon trap: reason=unreached action=reinterpret pc=0x0000000003969f38 method=java.util.HashMap.getNode(ILjava/lang/Object;)Ljava/util/HashMap$Node; @ 84
Event: 10.535 Thread 0x000000000232f800 Uncommon trap: reason=unreached action=reinterpret pc=0x0000000003a86068 method=java.util.HashMap.getNode(ILjava/lang/Object;)Ljava/util/HashMap$Node; @ 84
Event: 10.545 Thread 0x000000000232f800 Uncommon trap: reason=unreached action=reinterpret pc=0x0000000003a0de98 method=java.util.HashMap.getNode(ILjava/lang/Object;)Ljava/util/HashMap$Node; @ 84

Internal exceptions (10 events):
Event: 5.005 Thread 0x000000000232f800 Exception <a 'java/security/PrivilegedActionException'> (0x00000000ec08f780) thrown at [D:\re\workspace\8-2-build-windows-amd64-cygwin\jdk8u25\1677\hotspot\src\share\vm\prims\jvm.cpp, line 1312]
Event: 5.084 Thread 0x000000000232f800 Exception <a 'java/security/PrivilegedActionException'> (0x00000000ec8a8770) thrown at [D:\re\workspace\8-2-build-windows-amd64-cygwin\jdk8u25\1677\hotspot\src\share\vm\prims\jvm.cpp, line 1312]
Event: 5.253 Thread 0x000000000232f800 Implicit null exception at 0x000000000373ae52 to 0x000000000373af45
Event: 6.053 Thread 0x000000000232f800 Exception <a 'java/security/PrivilegedActionException'> (0x00000000eabc17b0) thrown at [D:\re\workspace\8-2-build-windows-amd64-cygwin\jdk8u25\1677\hotspot\src\share\vm\prims\jvm.cpp, line 1312]
Event: 6.059 Thread 0x000000000232f800 Exception <a 'java/security/PrivilegedActionException'> (0x00000000eaca4fc0) thrown at [D:\re\workspace\8-2-build-windows-amd64-cygwin\jdk8u25\1677\hotspot\src\share\vm\prims\jvm.cpp, line 1312]
Event: 6.062 Thread 0x000000000232f800 Implicit null exception at 0x000000000380d654 to 0x000000000380e7cd
Event: 6.354 Thread 0x000000000232f800 Exception <a 'java/security/PrivilegedActionException'> (0x00000000ecb90cb0) thrown at [D:\re\workspace\8-2-build-windows-amd64-cygwin\jdk8u25\1677\hotspot\src\share\vm\prims\jvm.cpp, line 1312]
Event: 9.250 Thread 0x000000000232f800 Exception <a 'java/lang/ArrayIndexOutOfBoundsException': 18> (0x00000000ef4bb3c0) thrown at [D:\re\workspace\8-2-build-windows-amd64-cygwin\jdk8u25\1677\hotspot\src\share\vm\interpreter\interpreterRuntime.cpp, line 366]
Event: 9.250 Thread 0x000000000232f800 Exception <a 'java/lang/ArrayIndexOutOfBoundsException'> (0x00000000ef4bce58) thrown at [D:\re\workspace\8-2-build-windows-amd64-cygwin\jdk8u25\1677\hotspot\src\share\vm\runtime\sharedRuntime.cpp, line 604]
Event: 9.251 Thread 0x000000000232f800 Exception <a 'java/lang/ArrayIndexOutOfBoundsException'> (0x00000000ef4be070) thrown at [D:\re\workspace\8-2-build-windows-amd64-cygwin\jdk8u25\1677\hotspot\src\share\vm\runtime\sharedRuntime.cpp, line 604]

Events (10 events):
Event: 10.535 Thread 0x000000000232f800 DEOPT UNPACKING pc=0x000000000326556a sp=0x0000000002f4e600 mode 2
Event: 10.542 Thread 0x000000000232f800 DEOPT PACKING pc=0x00000000036669d8 sp=0x0000000002f4eac0
Event: 10.542 Thread 0x000000000232f800 DEOPT UNPACKING pc=0x00000000032675bf sp=0x0000000002f4e8f0 mode 0
Event: 10.545 Thread 0x000000000232f800 Uncommon trap: trap_request=0xffffffad fr.pc=0x0000000003a0de98
Event: 10.545 Thread 0x000000000232f800 DEOPT PACKING pc=0x0000000003a0de98 sp=0x0000000002f4e6c0
Event: 10.545 Thread 0x000000000232f800 DEOPT UNPACKING pc=0x000000000326556a sp=0x0000000002f4e470 mode 2
Event: 10.625 Thread 0x000000000232f800 DEOPT PACKING pc=0x0000000003693106 sp=0x0000000002f4e7d0
Event: 10.625 Thread 0x000000000232f800 DEOPT UNPACKING pc=0x00000000032675bf sp=0x0000000002f4e610 mode 0
Event: 10.630 Thread 0x000000000232f800 DEOPT PACKING pc=0x0000000003666609 sp=0x0000000002f4eac0
Event: 10.630 Thread 0x000000000232f800 DEOPT UNPACKING pc=0x00000000032675bf sp=0x0000000002f4e8f0 mode 0


Dynamic libraries:
0x000000013f580000 - 0x000000013f5b4000 	C:\Program Files\Java\jdk1.8.0_25\bin\java.exe
0x0000000077750000 - 0x00000000778f8000 	C:\Windows\SYSTEM32\ntdll.dll
0x0000000077630000 - 0x000000007774f000 	C:\Windows\system32\kernel32.dll
0x000007fefd640000 - 0x000007fefd6ac000 	C:\Windows\system32\KERNELBASE.dll
0x000007fefeee0000 - 0x000007fefefbb000 	C:\Windows\system32\ADVAPI32.dll
0x000007feff320000 - 0x000007feff3bf000 	C:\Windows\system32\msvcrt.dll
0x000007fefefc0000 - 0x000007fefefdf000 	C:\Windows\SYSTEM32\sechost.dll
0x000007fefe020000 - 0x000007fefe14d000 	C:\Windows\system32\RPCRT4.dll
0x0000000077530000 - 0x000000007762a000 	C:\Windows\system32\USER32.dll
0x000007fefdef0000 - 0x000007fefdf57000 	C:\Windows\system32\GDI32.dll
0x000007fefdf90000 - 0x000007fefdf9e000 	C:\Windows\system32\LPK.dll
0x000007feff4a0000 - 0x000007feff569000 	C:\Windows\system32\USP10.dll
0x000007fefbc00000 - 0x000007fefbdf4000 	C:\Windows\WinSxS\amd64_microsoft.windows.common-controls_6595b64144ccf1df_6.0.7601.18807_none_fa381d5f175bfb52\COMCTL32.dll
0x000007fefdfa0000 - 0x000007fefe011000 	C:\Windows\system32\SHLWAPI.dll
0x000007fefdf60000 - 0x000007fefdf8e000 	C:\Windows\system32\IMM32.DLL
0x000007feff210000 - 0x000007feff319000 	C:\Windows\system32\MSCTF.dll
0x000000006fc80000 - 0x000000006fce9000 	c:\program files (x86)\f-secure\hips\fshook64.dll
0x0000000077910000 - 0x0000000077917000 	C:\Windows\system32\PSAPI.DLL
0x0000000078980000 - 0x0000000078a52000 	C:\Program Files\Java\jdk1.8.0_25\jre\bin\msvcr100.dll
0x0000000002430000 - 0x0000000002c8a000 	C:\Program Files\Java\jdk1.8.0_25\jre\bin\server\jvm.dll
0x000007fef95a0000 - 0x000007fef95a9000 	C:\Windows\system32\WSOCK32.dll
0x000007fefda30000 - 0x000007fefda7d000 	C:\Windows\system32\WS2_32.dll
0x000007feff570000 - 0x000007feff578000 	C:\Windows\system32\NSI.dll
0x000007fefb0e0000 - 0x000007fefb11b000 	C:\Windows\system32\WINMM.dll
0x0000000050110000 - 0x000000005011f000 	C:\Program Files\Java\jdk1.8.0_25\jre\bin\verify.dll
0x00000000500e0000 - 0x0000000050108000 	C:\Program Files\Java\jdk1.8.0_25\jre\bin\java.dll
0x00000000500c0000 - 0x00000000500d6000 	C:\Program Files\Java\jdk1.8.0_25\jre\bin\zip.dll
0x000007fefe150000 - 0x000007fefeed9000 	C:\Windows\system32\SHELL32.dll
0x000007fefefe0000 - 0x000007feff1e3000 	C:\Windows\system32\ole32.dll
0x000007fefd590000 - 0x000007fefd59f000 	C:\Windows\system32\profapi.dll
0x000007fede210000 - 0x000007fede335000 	C:\Windows\system32\dbghelp.dll

VM Arguments:
jvm_args: -Xmx1024M -Dfile.encoding=windows-1252 -Duser.country=CA -Duser.language=en -Duser.variant 
java_command: com.android.dx.command.Main --dex --output C:\Users\100569443\AndroidStudioProjects\ShareLove\app\build\intermediates\pre-dexed\debug\classes-50f66271871bd841b0b78645b9374835af8d26e9.jar C:\Users\100569443\AndroidStudioProjects\ShareLove\app\build\intermediates\exploded-aar\com.android.support\support-v4\22.2.0\jars\classes.jar
java_class_path (initial): C:\Users\100569443\AppData\Local\Android\sdk\build-tools\22.0.1\lib\dx.jar
Launcher Type: SUN_STANDARD

Environment Variables:
JAVA_HOME=C:\Program Files\Java\jdk1.8.0_25
PATH=C:\Program Files\Common Files\Microsoft Shared\Windows Live;C:\Program Files (x86)\Common Files\Microsoft Shared\Windows Live;C:\Program Files (x86)\HP SimplePass\x64;C:\Program Files (x86)\HP SimplePass\;;C:\ProgramData\Oracle\Java\javapath;C:\Windows\system32;C:\Windows;C:\Windows\System32\Wbem;C:\Windows\System32\WindowsPowerShell\v1.0\;C:\Program Files (x86)\QuickTime\QTSystem\;C:\Program Files (x86)\CambridgeSoft\ChemOffice2012\ChemScript\Lib;C:\Program Files (x86)\MATLAB\R2013a\runtime\win64;C:\Program Files (x86)\MATLAB\R2013a\bin;C:\Program Files\SASHome\Secure;C:\Program Files\SASHome\x86\Secure;C:\Program Files (x86)\Windows Kits\8.1\Windows Performance Toolkit\;C:\Program Files\Microsoft SQL Server\110\Tools\Binn\;C:\Program Files\Intel\WiFi\bin\;C:\Program Files\Common Files\Intel\WirelessCommon\;C:\Program Files (x86)\Windows Live\Shared;C:\Program Files (x86)\Skype\Phone\;C:\Program Files\Intel\WiFi\bin\;C:\Program Files\Common Files\Intel\WirelessCommon\
USERNAME=100569443
OS=Windows_NT
PROCESSOR_IDENTIFIER=Intel64 Family 6 Model 60 Stepping 3, GenuineIntel



---------------  S Y S T E M  ---------------

OS: Windows 7 , 64 bit Build 7601 Service Pack 1

CPU:total 4 (2 cores per cpu, 2 threads per core) family 6 model 60 stepping 3, cmov, cx8, fxsr, mmx, sse, sse2, sse3, ssse3, sse4.1, sse4.2, popcnt, avx, avx2, aes, clmul, erms, rtm, lzcnt, ht, tsc, tscinvbit, bmi1, bmi2

Memory: 4k page, physical 8065980k(527916k free), swap 11209856k(5124k free)

vm_info: Java HotSpot(TM) 64-Bit Server VM (25.25-b02) for windows-amd64 JRE (1.8.0_25-b18), built on Oct  7 2014 14:25:37 by "java_re" with MS VC++ 10.0 (VS2010)

time: Mon Jun 15 03:44:48 2015
elapsed time: 10 seconds (0d 0h 0m 10s)

