#
# There is insufficient memory for the Java Runtime Environment to continue.
# Native memory allocation (malloc) failed to allocate 32784 bytes for Chunk::new
# Possible reasons:
#   The system is out of physical RAM or swap space
#   In 32 bit mode, the process size limit was hit
# Possible solutions:
#   Reduce memory load on the system
#   Increase physical memory or swap space
#   Check if swap backing store is full
#   Use 64 bit Java on a 64 bit OS
#   Decrease Java heap size (-Xmx/-Xms)
#   Decrease number of Java threads
#   Decrease Java thread stack sizes (-Xss)
#   Set larger code cache with -XX:ReservedCodeCacheSize=
# This output file may be truncated or incomplete.
#
#  Out of Memory Error (allocation.cpp:390), pid=11124, tid=9068
#
# JRE version: Java(TM) SE Runtime Environment (8.0_25-b18) (build 1.8.0_25-b18)
# Java VM: Java HotSpot(TM) 64-Bit Server VM (25.25-b02 mixed mode windows-amd64 compressed oops)
# Failed to write core dump. Minidumps are not enabled by default on client versions of Windows
#

---------------  T H R E A D  ---------------

Current thread (0x0000000016fe2800):  JavaThread "C2 CompilerThread0" daemon [_thread_in_native, id=9068, stack(0x0000000017650000,0x0000000017750000)]

Stack: [0x0000000017650000,0x0000000017750000]
Native frames: (J=compiled Java code, j=interpreted, Vv=VM code, C=native code)
V  [jvm.dll+0x31667a]


Current CompileTask:
C2:   6931 1640       4       java.util.TreeMap::put (247 bytes)


---------------  P R O C E S S  ---------------

Java Threads: ( => current thread )
  0x0000000015b5d000 JavaThread "Service Thread" daemon [_thread_blocked, id=1992, stack(0x0000000017ad0000,0x0000000017bd0000)]
  0x0000000016fe7000 JavaThread "C1 CompilerThread2" daemon [_thread_blocked, id=10364, stack(0x00000000178b0000,0x00000000179b0000)]
  0x0000000016fe4800 JavaThread "C2 CompilerThread1" daemon [_thread_blocked, id=4952, stack(0x0000000016dd0000,0x0000000016ed0000)]
=>0x0000000016fe2800 JavaThread "C2 CompilerThread0" daemon [_thread_in_native, id=9068, stack(0x0000000017650000,0x0000000017750000)]
  0x0000000015b54000 JavaThread "Attach Listener" daemon [_thread_blocked, id=11840, stack(0x0000000016980000,0x0000000016a80000)]
  0x0000000015b51000 JavaThread "Signal Dispatcher" daemon [_thread_blocked, id=11720, stack(0x0000000017420000,0x0000000017520000)]
  0x0000000015af5800 JavaThread "Finalizer" daemon [_thread_blocked, id=11296, stack(0x0000000016ee0000,0x0000000016fe0000)]
  0x0000000015aec800 JavaThread "Reference Handler" daemon [_thread_blocked, id=9864, stack(0x0000000016c70000,0x0000000016d70000)]
  0x000000000063f800 JavaThread "main" [_thread_blocked, id=10796, stack(0x0000000002dd0000,0x0000000002ed0000)]

Other Threads:
  0x0000000015ae7000 VMThread [stack: 0x0000000016a90000,0x0000000016b90000] [id=6184]
  0x0000000017039800 WatcherThread [stack: 0x0000000017bd0000,0x0000000017cd0000] [id=12300]

VM state:at safepoint (normal execution)

VM Mutex/Monitor currently owned by a thread:  ([mutex/lock_event])
[0x000000000063da80] Threads_lock - owner thread: 0x0000000015ae7000
[0x000000000063df80] Heap_lock - owner thread: 0x000000000063f800

Heap:
 PSYoungGen      total 68608K, used 5104K [0x00000000eab00000, 0x00000000ef300000, 0x0000000100000000)
  eden space 63488K, 0% used [0x00000000eab00000,0x00000000eab00000,0x00000000ee900000)
  from space 5120K, 99% used [0x00000000ee900000,0x00000000eedfc010,0x00000000eee00000)
  to   space 5120K, 0% used [0x00000000eee00000,0x00000000eee00000,0x00000000ef300000)
 ParOldGen       total 84992K, used 11250K [0x00000000c0000000, 0x00000000c5300000, 0x00000000eab00000)
  object space 84992K, 13% used [0x00000000c0000000,0x00000000c0afca28,0x00000000c5300000)
 Metaspace       used 6077K, capacity 7216K, committed 7296K, reserved 1060864K
  class space    used 569K, capacity 616K, committed 640K, reserved 1048576K

Card table byte_map: [0x0000000012560000,0x0000000012770000] byte_map_base: 0x0000000011f60000

Marking Bits: (ParMarkBitMap*) 0x0000000002acd490
 Begin Bits: [0x0000000012f60000, 0x0000000013f60000)
 End Bits:   [0x0000000013f60000, 0x0000000014f60000)

Polling page: 0x0000000000340000

CodeCache: size=245760Kb used=7130Kb max_used=7142Kb free=238629Kb
 bounds [0x00000000031a0000, 0x00000000038a0000, 0x00000000121a0000]
 total_blobs=1918 nmethods=1657 adapters=174
 compilation: disabled (not enough contiguous free space left)

Compilation events (10 events):
Event: 6.506 Thread 0x0000000016fe7000 1649       1       com.android.dx.dex.file.DexFile::getTypeLists (5 bytes)
Event: 6.506 Thread 0x0000000016fe7000 nmethod 1649 0x0000000003873510 code [0x0000000003873660, 0x0000000003873770]
Event: 6.506 Thread 0x0000000016fe7000 1650       1       com.android.dx.dex.file.DexFile::getClassData (5 bytes)
Event: 6.506 Thread 0x0000000016fe7000 nmethod 1650 0x0000000003873250 code [0x00000000038733a0, 0x00000000038734b0]
Event: 6.506 Thread 0x0000000016fe7000 1651       3       com.android.dx.dex.file.EncodedField::compareTo (9 bytes)
Event: 6.506 Thread 0x0000000016fe7000 nmethod 1651 0x0000000003872bd0 code [0x0000000003872d40, 0x0000000003873108]
Event: 6.506 Thread 0x0000000016fe7000 1652       3       com.android.dx.rop.cst.CstMemberRef::hashCode (19 bytes)
Event: 6.506 Thread 0x0000000016fe7000 nmethod 1652 0x0000000003871e90 code [0x0000000003872040, 0x0000000003872848]
Event: 6.506 Thread 0x0000000016fe7000 1653       3       com.android.dx.dex.file.EncodedField::hashCode (8 bytes)
Event: 6.507 Thread 0x0000000016fe7000 nmethod 1653 0x0000000003870f50 code [0x0000000003871120, 0x0000000003871a08]

GC Heap History (4 events):
Event: 3.985 GC heap before
{Heap before GC invocations=1 (full 0):
 PSYoungGen      total 36864K, used 31744K [0x00000000eab00000, 0x00000000ed400000, 0x0000000100000000)
  eden space 31744K, 100% used [0x00000000eab00000,0x00000000eca00000,0x00000000eca00000)
  from space 5120K, 0% used [0x00000000ecf00000,0x00000000ecf00000,0x00000000ed400000)
  to   space 5120K, 0% used [0x00000000eca00000,0x00000000eca00000,0x00000000ecf00000)
 ParOldGen       total 84992K, used 0K [0x00000000c0000000, 0x00000000c5300000, 0x00000000eab00000)
  object space 84992K, 0% used [0x00000000c0000000,0x00000000c0000000,0x00000000c5300000)
 Metaspace       used 5779K, capacity 7024K, committed 7296K, reserved 1056768K
  class space    used 554K, capacity 616K, committed 640K, reserved 1048576K
Event: 4.105 GC heap after
Heap after GC invocations=1 (full 0):
 PSYoungGen      total 36864K, used 5111K [0x00000000eab00000, 0x00000000ef300000, 0x0000000100000000)
  eden space 31744K, 0% used [0x00000000eab00000,0x00000000eab00000,0x00000000eca00000)
  from space 5120K, 99% used [0x00000000eca00000,0x00000000ecefdc88,0x00000000ecf00000)
  to   space 5120K, 0% used [0x00000000eee00000,0x00000000eee00000,0x00000000ef300000)
 ParOldGen       total 84992K, used 1354K [0x00000000c0000000, 0x00000000c5300000, 0x00000000eab00000)
  object space 84992K, 1% used [0x00000000c0000000,0x00000000c0152a18,0x00000000c5300000)
 Metaspace       used 5779K, capacity 7024K, committed 7296K, reserved 1056768K
  class space    used 554K, capacity 616K, committed 640K, reserved 1048576K
}
Event: 5.033 GC heap before
{Heap before GC invocations=2 (full 0):
 PSYoungGen      total 36864K, used 36855K [0x00000000eab00000, 0x00000000ef300000, 0x0000000100000000)
  eden space 31744K, 100% used [0x00000000eab00000,0x00000000eca00000,0x00000000eca00000)
  from space 5120K, 99% used [0x00000000eca00000,0x00000000ecefdc88,0x00000000ecf00000)
  to   space 5120K, 0% used [0x00000000eee00000,0x00000000eee00000,0x00000000ef300000)
 ParOldGen       total 84992K, used 1354K [0x00000000c0000000, 0x00000000c5300000, 0x00000000eab00000)
  object space 84992K, 1% used [0x00000000c0000000,0x00000000c0152a18,0x00000000c5300000)
 Metaspace       used 5848K, capacity 7088K, committed 7296K, reserved 1056768K
  class space    used 555K, capacity 616K, committed 640K, reserved 1048576K
Event: 5.599 GC heap after
Heap after GC invocations=2 (full 0):
 PSYoungGen      total 68608K, used 5095K [0x00000000eab00000, 0x00000000ef300000, 0x0000000100000000)
  eden space 63488K, 0% used [0x00000000eab00000,0x00000000eab00000,0x00000000ee900000)
  from space 5120K, 99% used [0x00000000eee00000,0x00000000ef2f9c78,0x00000000ef300000)
  to   space 5120K, 0% used [0x00000000ee900000,0x00000000ee900000,0x00000000eee00000)
 ParOldGen       total 84992K, used 5835K [0x00000000c0000000, 0x00000000c5300000, 0x00000000eab00000)
  object space 84992K, 6% used [0x00000000c0000000,0x00000000c05b2cc8,0x00000000c5300000)
 Metaspace       used 5848K, capacity 7088K, committed 7296K, reserved 1056768K
  class space    used 555K, capacity 616K, committed 640K, reserved 1048576K
}

Deoptimization events (10 events):
Event: 6.231 Thread 0x000000000063f800 Uncommon trap: reason=bimorphic action=maybe_recompile pc=0x000000000380b82c method=com.android.dx.rop.code.RegisterSpec.withSimpleType()Lcom/android/dx/rop/code/RegisterSpec; @ 21
Event: 6.497 Thread 0x000000000063f800 Uncommon trap: reason=class_check action=maybe_recompile pc=0x00000000036c2c00 method=java.util.Arrays.hashCode([Ljava/lang/Object;)I @ 43
Event: 6.497 Thread 0x000000000063f800 Uncommon trap: reason=class_check action=maybe_recompile pc=0x00000000036c2c00 method=java.util.Arrays.hashCode([Ljava/lang/Object;)I @ 43
Event: 6.498 Thread 0x000000000063f800 Uncommon trap: reason=class_check action=maybe_recompile pc=0x00000000036c2c00 method=java.util.Arrays.hashCode([Ljava/lang/Object;)I @ 43
Event: 6.499 Thread 0x000000000063f800 Uncommon trap: reason=class_check action=maybe_recompile pc=0x00000000036c2c00 method=java.util.Arrays.hashCode([Ljava/lang/Object;)I @ 43
Event: 6.501 Thread 0x000000000063f800 Uncommon trap: reason=class_check action=maybe_recompile pc=0x00000000036c1dc0 method=java.util.Arrays.hashCode([Ljava/lang/Object;)I @ 43
Event: 6.503 Thread 0x000000000063f800 Uncommon trap: reason=bimorphic action=maybe_recompile pc=0x000000000341331c method=java.util.HashMap.getNode(ILjava/lang/Object;)Ljava/util/HashMap$Node; @ 126
Event: 6.504 Thread 0x000000000063f800 Uncommon trap: reason=bimorphic action=maybe_recompile pc=0x000000000341331c method=java.util.HashMap.getNode(ILjava/lang/Object;)Ljava/util/HashMap$Node; @ 126
Event: 6.504 Thread 0x000000000063f800 Uncommon trap: reason=bimorphic action=maybe_recompile pc=0x000000000341331c method=java.util.HashMap.getNode(ILjava/lang/Object;)Ljava/util/HashMap$Node; @ 126
Event: 6.504 Thread 0x000000000063f800 Uncommon trap: reason=bimorphic action=maybe_recompile pc=0x000000000341331c method=java.util.HashMap.getNode(ILjava/lang/Object;)Ljava/util/HashMap$Node; @ 126

Internal exceptions (10 events):
Event: 2.255 Thread 0x000000000063f800 Exception <a 'java/security/PrivilegedActionException'> (0x00000000eb4a0018) thrown at [D:\re\workspace\8-2-build-windows-amd64-cygwin\jdk8u25\1677\hotspot\src\share\vm\prims\jvm.cpp, line 1312]
Event: 2.286 Thread 0x000000000063f800 Exception <a 'java/security/PrivilegedActionException'> (0x00000000eb5246d8) thrown at [D:\re\workspace\8-2-build-windows-amd64-cygwin\jdk8u25\1677\hotspot\src\share\vm\prims\jvm.cpp, line 1312]
Event: 2.524 Thread 0x000000000063f800 Exception <a 'java/security/PrivilegedActionException'> (0x00000000eb61f550) thrown at [D:\re\workspace\8-2-build-windows-amd64-cygwin\jdk8u25\1677\hotspot\src\share\vm\prims\jvm.cpp, line 1312]
Event: 2.533 Thread 0x000000000063f800 Exception <a 'java/security/PrivilegedActionException'> (0x00000000eb670198) thrown at [D:\re\workspace\8-2-build-windows-amd64-cygwin\jdk8u25\1677\hotspot\src\share\vm\prims\jvm.cpp, line 1312]
Event: 2.534 Thread 0x000000000063f800 Exception <a 'java/security/PrivilegedActionException'> (0x00000000eb67c258) thrown at [D:\re\workspace\8-2-build-windows-amd64-cygwin\jdk8u25\1677\hotspot\src\share\vm\prims\jvm.cpp, line 1312]
Event: 3.614 Thread 0x000000000063f800 Exception <a 'java/security/PrivilegedActionException'> (0x00000000ebccacb8) thrown at [D:\re\workspace\8-2-build-windows-amd64-cygwin\jdk8u25\1677\hotspot\src\share\vm\prims\jvm.cpp, line 1312]
Event: 3.706 Thread 0x000000000063f800 Exception <a 'java/security/PrivilegedActionException'> (0x00000000ebfdd490) thrown at [D:\re\workspace\8-2-build-windows-amd64-cygwin\jdk8u25\1677\hotspot\src\share\vm\prims\jvm.cpp, line 1312]
Event: 3.759 Thread 0x000000000063f800 Implicit null exception at 0x0000000003542292 to 0x0000000003542385
Event: 4.347 Thread 0x000000000063f800 Exception <a 'java/security/PrivilegedActionException'> (0x00000000eaefa220) thrown at [D:\re\workspace\8-2-build-windows-amd64-cygwin\jdk8u25\1677\hotspot\src\share\vm\prims\jvm.cpp, line 1312]
Event: 5.607 Thread 0x000000000063f800 Exception <a 'java/security/PrivilegedActionException'> (0x00000000eab6f930) thrown at [D:\re\workspace\8-2-build-windows-amd64-cygwin\jdk8u25\1677\hotspot\src\share\vm\prims\jvm.cpp, line 1312]

Events (10 events):
Event: 6.503 Thread 0x000000000063f800 DEOPT UNPACKING pc=0x00000000031e556a sp=0x0000000002ecf158 mode 2
Event: 6.504 Thread 0x000000000063f800 Uncommon trap: trap_request=0xffffffc6 fr.pc=0x000000000341331c
Event: 6.504 Thread 0x000000000063f800 DEOPT PACKING pc=0x000000000341331c sp=0x0000000002ecf240
Event: 6.504 Thread 0x000000000063f800 DEOPT UNPACKING pc=0x00000000031e556a sp=0x0000000002ecf158 mode 2
Event: 6.504 Thread 0x000000000063f800 Uncommon trap: trap_request=0xffffffc6 fr.pc=0x000000000341331c
Event: 6.504 Thread 0x000000000063f800 DEOPT PACKING pc=0x000000000341331c sp=0x0000000002ecf240
Event: 6.504 Thread 0x000000000063f800 DEOPT UNPACKING pc=0x00000000031e556a sp=0x0000000002ecf158 mode 2
Event: 6.504 Thread 0x000000000063f800 Uncommon trap: trap_request=0xffffffc6 fr.pc=0x000000000341331c
Event: 6.504 Thread 0x000000000063f800 DEOPT PACKING pc=0x000000000341331c sp=0x0000000002ecf240
Event: 6.504 Thread 0x000000000063f800 DEOPT UNPACKING pc=0x00000000031e556a sp=0x0000000002ecf158 mode 2


Dynamic libraries:
0x000000013f580000 - 0x000000013f5b4000 	C:\Program Files\Java\jdk1.8.0_25\bin\java.exe
0x0000000077750000 - 0x00000000778f8000 	C:\Windows\SYSTEM32\ntdll.dll
0x0000000077630000 - 0x000000007774f000 	C:\Windows\system32\kernel32.dll
0x000007fefd640000 - 0x000007fefd6ac000 	C:\Windows\system32\KERNELBASE.dll
0x000007fefeee0000 - 0x000007fefefbb000 	C:\Windows\system32\ADVAPI32.dll
0x000007feff320000 - 0x000007feff3bf000 	C:\Windows\system32\msvcrt.dll
0x000007fefefc0000 - 0x000007fefefdf000 	C:\Windows\SYSTEM32\sechost.dll
0x000007fefe020000 - 0x000007fefe14d000 	C:\Windows\system32\RPCRT4.dll
0x0000000077530000 - 0x000000007762a000 	C:\Windows\system32\USER32.dll
0x000007fefdef0000 - 0x000007fefdf57000 	C:\Windows\system32\GDI32.dll
0x000007fefdf90000 - 0x000007fefdf9e000 	C:\Windows\system32\LPK.dll
0x000007feff4a0000 - 0x000007feff569000 	C:\Windows\system32\USP10.dll
0x000007fefbc00000 - 0x000007fefbdf4000 	C:\Windows\WinSxS\amd64_microsoft.windows.common-controls_6595b64144ccf1df_6.0.7601.18807_none_fa381d5f175bfb52\COMCTL32.dll
0x000007fefdfa0000 - 0x000007fefe011000 	C:\Windows\system32\SHLWAPI.dll
0x000007fefdf60000 - 0x000007fefdf8e000 	C:\Windows\system32\IMM32.DLL
0x000007feff210000 - 0x000007feff319000 	C:\Windows\system32\MSCTF.dll
0x000000006fc80000 - 0x000000006fce9000 	c:\program files (x86)\f-secure\hips\fshook64.dll
0x0000000077910000 - 0x0000000077917000 	C:\Windows\system32\PSAPI.DLL
0x0000000078980000 - 0x0000000078a52000 	C:\Program Files\Java\jdk1.8.0_25\jre\bin\msvcr100.dll
0x00000000022f0000 - 0x0000000002b4a000 	C:\Program Files\Java\jdk1.8.0_25\jre\bin\server\jvm.dll
0x000007fef95a0000 - 0x000007fef95a9000 	C:\Windows\system32\WSOCK32.dll
0x000007fefda30000 - 0x000007fefda7d000 	C:\Windows\system32\WS2_32.dll
0x000007feff570000 - 0x000007feff578000 	C:\Windows\system32\NSI.dll
0x000007fefb0e0000 - 0x000007fefb11b000 	C:\Windows\system32\WINMM.dll
0x0000000050110000 - 0x000000005011f000 	C:\Program Files\Java\jdk1.8.0_25\jre\bin\verify.dll
0x00000000500e0000 - 0x0000000050108000 	C:\Program Files\Java\jdk1.8.0_25\jre\bin\java.dll
0x00000000500c0000 - 0x00000000500d6000 	C:\Program Files\Java\jdk1.8.0_25\jre\bin\zip.dll
0x000007fefe150000 - 0x000007fefeed9000 	C:\Windows\system32\SHELL32.dll
0x000007fefefe0000 - 0x000007feff1e3000 	C:\Windows\system32\ole32.dll
0x000007fefd590000 - 0x000007fefd59f000 	C:\Windows\system32\profapi.dll
0x000007fede210000 - 0x000007fede335000 	C:\Windows\system32\dbghelp.dll

VM Arguments:
jvm_args: -Xmx1024M -Dfile.encoding=windows-1252 -Duser.country=CA -Duser.language=en -Duser.variant 
java_command: com.android.dx.command.Main --dex --output C:\Users\100569443\AndroidStudioProjects\ShareLove\app\build\intermediates\pre-dexed\debug\internal_impl-22.2.0-062402e22d67c4480bbfdc04bd47aa37d04ff73a.jar C:\Users\100569443\AndroidStudioProjects\ShareLove\app\build\intermediates\exploded-aar\com.android.support\support-v4\22.2.0\jars\libs\internal_impl-22.2.0.jar
java_class_path (initial): C:\Users\100569443\AppData\Local\Android\sdk\build-tools\22.0.1\lib\dx.jar
Launcher Type: SUN_STANDARD

Environment Variables:
JAVA_HOME=C:\Program Files\Java\jdk1.8.0_25
PATH=C:\Program Files\Common Files\Microsoft Shared\Windows Live;C:\Program Files (x86)\Common Files\Microsoft Shared\Windows Live;C:\Program Files (x86)\HP SimplePass\x64;C:\Program Files (x86)\HP SimplePass\;;C:\ProgramData\Oracle\Java\javapath;C:\Windows\system32;C:\Windows;C:\Windows\System32\Wbem;C:\Windows\System32\WindowsPowerShell\v1.0\;C:\Program Files (x86)\QuickTime\QTSystem\;C:\Program Files (x86)\CambridgeSoft\ChemOffice2012\ChemScript\Lib;C:\Program Files (x86)\MATLAB\R2013a\runtime\win64;C:\Program Files (x86)\MATLAB\R2013a\bin;C:\Program Files\SASHome\Secure;C:\Program Files\SASHome\x86\Secure;C:\Program Files (x86)\Windows Kits\8.1\Windows Performance Toolkit\;C:\Program Files\Microsoft SQL Server\110\Tools\Binn\;C:\Program Files\Intel\WiFi\bin\;C:\Program Files\Common Files\Intel\WirelessCommon\;C:\Program Files (x86)\Windows Live\Shared;C:\Program Files (x86)\Skype\Phone\;C:\Program Files\Intel\WiFi\bin\;C:\Program Files\Common Files\Intel\WirelessCommon\
USERNAME=100569443
OS=Windows_NT
PROCESSOR_IDENTIFIER=Intel64 Family 6 Model 60 Stepping 3, GenuineIntel



---------------  S Y S T E M  ---------------

OS: Windows 7 , 64 bit Build 7601 Service Pack 1

CPU:total 4 (2 cores per cpu, 2 threads per core) family 6 model 60 stepping 3, cmov, cx8, fxsr, mmx, sse, sse2, sse3, ssse3, sse4.1, sse4.2, popcnt, avx, avx2, aes, clmul, erms, rtm, lzcnt, ht, tsc, tscinvbit, bmi1, bmi2

Memory: 4k page, physical 8065980k(737720k free), swap 11209856k(5684k free)

vm_info: Java HotSpot(TM) 64-Bit Server VM (25.25-b02) for windows-amd64 JRE (1.8.0_25-b18), built on Oct  7 2014 14:25:37 by "java_re" with MS VC++ 10.0 (VS2010)

time: Mon Jun 15 03:20:42 2015
elapsed time: 6 seconds (0d 0h 0m 6s)

