#
# There is insufficient memory for the Java Runtime Environment to continue.
# Native memory allocation (malloc) failed to allocate 77568 bytes for Chunk::new
# Possible reasons:
#   The system is out of physical RAM or swap space
#   In 32 bit mode, the process size limit was hit
# Possible solutions:
#   Reduce memory load on the system
#   Increase physical memory or swap space
#   Check if swap backing store is full
#   Use 64 bit Java on a 64 bit OS
#   Decrease Java heap size (-Xmx/-Xms)
#   Decrease number of Java threads
#   Decrease Java thread stack sizes (-Xss)
#   Set larger code cache with -XX:ReservedCodeCacheSize=
# This output file may be truncated or incomplete.
#
#  Out of Memory Error (allocation.cpp:390), pid=10788, tid=3440
#
# JRE version: Java(TM) SE Runtime Environment (8.0_25-b18) (build 1.8.0_25-b18)
# Java VM: Java HotSpot(TM) 64-Bit Server VM (25.25-b02 mixed mode windows-amd64 compressed oops)
# Failed to write core dump. Minidumps are not enabled by default on client versions of Windows
#

---------------  T H R E A D  ---------------

Current thread (0x0000000016dc2800):  JavaThread "C2 CompilerThread0" daemon [_thread_in_native, id=3440, stack(0x00000000174c0000,0x00000000175c0000)]

Stack: [0x00000000174c0000,0x00000000175c0000]
Native frames: (J=compiled Java code, j=interpreted, Vv=VM code, C=native code)
V  [jvm.dll+0x31667a]


Current CompileTask:
C2:   7306 1590   !   4       com.android.dx.cf.code.BytecodeArray::parseInstruction (2764 bytes)


---------------  P R O C E S S  ---------------

Java Threads: ( => current thread )
  0x0000000016dc9800 JavaThread "Service Thread" daemon [_thread_blocked, id=12088, stack(0x0000000017600000,0x0000000017700000)]
  0x0000000016dc7000 JavaThread "C1 CompilerThread2" daemon [_thread_in_native, id=5472, stack(0x0000000017800000,0x0000000017900000)]
  0x0000000016dc4800 JavaThread "C2 CompilerThread1" daemon [_thread_in_native, id=11252, stack(0x0000000017700000,0x0000000017800000)]
=>0x0000000016dc2800 JavaThread "C2 CompilerThread0" daemon [_thread_in_native, id=3440, stack(0x00000000174c0000,0x00000000175c0000)]
  0x0000000015a94000 JavaThread "Attach Listener" daemon [_thread_blocked, id=5484, stack(0x0000000017260000,0x0000000017360000)]
  0x0000000015a91000 JavaThread "Signal Dispatcher" daemon [_thread_blocked, id=12076, stack(0x0000000017370000,0x0000000017470000)]
  0x0000000015a35800 JavaThread "Finalizer" daemon [_thread_blocked, id=7860, stack(0x0000000016b30000,0x0000000016c30000)]
  0x0000000015a2c800 JavaThread "Reference Handler" daemon [_thread_blocked, id=2688, stack(0x0000000016cc0000,0x0000000016dc0000)]
  0x00000000022cf800 JavaThread "main" [_thread_in_vm, id=328, stack(0x0000000002f90000,0x0000000003090000)]

Other Threads:
  0x0000000015a27000 VMThread [stack: 0x0000000016a00000,0x0000000016b00000] [id=4984]
  0x0000000015a9f800 WatcherThread [stack: 0x0000000017920000,0x0000000017a20000] [id=11072]

VM state:not at safepoint (normal execution)

VM Mutex/Monitor currently owned by a thread: None

Heap:
 PSYoungGen      total 68608K, used 7885K [0x00000000eab00000, 0x00000000f3100000, 0x0000000100000000)
  eden space 63488K, 4% used [0x00000000eab00000,0x00000000eadb6d38,0x00000000ee900000)
  from space 5120K, 99% used [0x00000000ee900000,0x00000000eedfc868,0x00000000eee00000)
  to   space 5120K, 0% used [0x00000000f2c00000,0x00000000f2c00000,0x00000000f3100000)
 ParOldGen       total 84992K, used 13965K [0x00000000c0000000, 0x00000000c5300000, 0x00000000eab00000)
  object space 84992K, 16% used [0x00000000c0000000,0x00000000c0da36d0,0x00000000c5300000)
 Metaspace       used 5858K, capacity 7088K, committed 7296K, reserved 1056768K
  class space    used 555K, capacity 616K, committed 640K, reserved 1048576K

Card table byte_map: [0x0000000012720000,0x0000000012930000] byte_map_base: 0x0000000012120000

Marking Bits: (ParMarkBitMap*) 0x0000000002bad490
 Begin Bits: [0x0000000012ea0000, 0x0000000013ea0000)
 End Bits:   [0x0000000013ea0000, 0x0000000014ea0000)

Polling page: 0x0000000000150000

CodeCache: size=245760Kb used=6788Kb max_used=6801Kb free=238971Kb
 bounds [0x0000000003360000, 0x0000000003a10000, 0x0000000012360000]
 total_blobs=1839 nmethods=1579 adapters=174
 compilation: enabled

Compilation events (10 events):
Event: 4.956 Thread 0x0000000016dc2800 nmethod 1516 0x00000000039f9190 code [0x00000000039f96a0, 0x00000000039fc320]
Event: 4.956 Thread 0x0000000016dc2800 1590   !   4       com.android.dx.cf.code.BytecodeArray::parseInstruction (2764 bytes)
Event: 4.981 Thread 0x0000000016dc7000 1600       2       com.android.dx.ssa.back.FirstFitLocalCombiningAllocator::isEven (12 bytes)
Event: 4.982 Thread 0x0000000016dc7000 nmethod 1600 0x00000000039f35d0 code [0x00000000039f3720, 0x00000000039f3870]
Event: 4.982 Thread 0x0000000016dc7000 1601       2       com.android.dx.ssa.back.FirstFitLocalCombiningAllocator::rangeContainsReserved (30 bytes)
Event: 4.982 Thread 0x0000000016dc7000 nmethod 1601 0x00000000039f8cd0 code [0x00000000039f8e40, 0x00000000039f9068]
Event: 6.823 Thread 0x0000000016dc4800 nmethod 1504 0x0000000003a04e50 code [0x0000000003a05180, 0x0000000003a072a0]
Event: 6.823 Thread 0x0000000016dc4800 1522       4       com.android.dx.ssa.LocalVariableExtractor::processBlock (383 bytes)
Event: 6.867 Thread 0x0000000016dc7000 1602   !   2       java.util.zip.ZipFile::releaseInflater (41 bytes)
Event: 6.868 Thread 0x0000000016dc7000 nmethod 1602 0x00000000039f8410 code [0x00000000039f85a0, 0x00000000039f8a98]

GC Heap History (6 events):
Event: 3.284 GC heap before
{Heap before GC invocations=1 (full 0):
 PSYoungGen      total 36864K, used 31744K [0x00000000eab00000, 0x00000000ed400000, 0x0000000100000000)
  eden space 31744K, 100% used [0x00000000eab00000,0x00000000eca00000,0x00000000eca00000)
  from space 5120K, 0% used [0x00000000ecf00000,0x00000000ecf00000,0x00000000ed400000)
  to   space 5120K, 0% used [0x00000000eca00000,0x00000000eca00000,0x00000000ecf00000)
 ParOldGen       total 84992K, used 0K [0x00000000c0000000, 0x00000000c5300000, 0x00000000eab00000)
  object space 84992K, 0% used [0x00000000c0000000,0x00000000c0000000,0x00000000c5300000)
 Metaspace       used 5721K, capacity 7024K, committed 7296K, reserved 1056768K
  class space    used 552K, capacity 616K, committed 640K, reserved 1048576K
Event: 3.417 GC heap after
Heap after GC invocations=1 (full 0):
 PSYoungGen      total 36864K, used 5096K [0x00000000eab00000, 0x00000000ef300000, 0x0000000100000000)
  eden space 31744K, 0% used [0x00000000eab00000,0x00000000eab00000,0x00000000eca00000)
  from space 5120K, 99% used [0x00000000eca00000,0x00000000ecefa070,0x00000000ecf00000)
  to   space 5120K, 0% used [0x00000000eee00000,0x00000000eee00000,0x00000000ef300000)
 ParOldGen       total 84992K, used 1407K [0x00000000c0000000, 0x00000000c5300000, 0x00000000eab00000)
  object space 84992K, 1% used [0x00000000c0000000,0x00000000c015fe10,0x00000000c5300000)
 Metaspace       used 5721K, capacity 7024K, committed 7296K, reserved 1056768K
  class space    used 552K, capacity 616K, committed 640K, reserved 1048576K
}
Event: 3.864 GC heap before
{Heap before GC invocations=2 (full 0):
 PSYoungGen      total 36864K, used 36840K [0x00000000eab00000, 0x00000000ef300000, 0x0000000100000000)
  eden space 31744K, 100% used [0x00000000eab00000,0x00000000eca00000,0x00000000eca00000)
  from space 5120K, 99% used [0x00000000eca00000,0x00000000ecefa070,0x00000000ecf00000)
  to   space 5120K, 0% used [0x00000000eee00000,0x00000000eee00000,0x00000000ef300000)
 ParOldGen       total 84992K, used 1407K [0x00000000c0000000, 0x00000000c5300000, 0x00000000eab00000)
  object space 84992K, 1% used [0x00000000c0000000,0x00000000c015fe10,0x00000000c5300000)
 Metaspace       used 5815K, capacity 7088K, committed 7296K, reserved 1056768K
  class space    used 555K, capacity 616K, committed 640K, reserved 1048576K
Event: 4.478 GC heap after
Heap after GC invocations=2 (full 0):
 PSYoungGen      total 68608K, used 5094K [0x00000000eab00000, 0x00000000ef300000, 0x0000000100000000)
  eden space 63488K, 0% used [0x00000000eab00000,0x00000000eab00000,0x00000000ee900000)
  from space 5120K, 99% used [0x00000000eee00000,0x00000000ef2f9ba0,0x00000000ef300000)
  to   space 5120K, 0% used [0x00000000ee900000,0x00000000ee900000,0x00000000eee00000)
 ParOldGen       total 84992K, used 5666K [0x00000000c0000000, 0x00000000c5300000, 0x00000000eab00000)
  object space 84992K, 6% used [0x00000000c0000000,0x00000000c0588b18,0x00000000c5300000)
 Metaspace       used 5815K, capacity 7088K, committed 7296K, reserved 1056768K
  class space    used 555K, capacity 616K, committed 640K, reserved 1048576K
}
Event: 4.986 GC heap before
{Heap before GC invocations=3 (full 0):
 PSYoungGen      total 68608K, used 68582K [0x00000000eab00000, 0x00000000ef300000, 0x0000000100000000)
  eden space 63488K, 100% used [0x00000000eab00000,0x00000000ee900000,0x00000000ee900000)
  from space 5120K, 99% used [0x00000000eee00000,0x00000000ef2f9ba0,0x00000000ef300000)
  to   space 5120K, 0% used [0x00000000ee900000,0x00000000ee900000,0x00000000eee00000)
 ParOldGen       total 84992K, used 5666K [0x00000000c0000000, 0x00000000c5300000, 0x00000000eab00000)
  object space 84992K, 6% used [0x00000000c0000000,0x00000000c0588b18,0x00000000c5300000)
 Metaspace       used 5851K, capacity 7088K, committed 7296K, reserved 1056768K
  class space    used 555K, capacity 616K, committed 640K, reserved 1048576K
Event: 6.819 GC heap after
Heap after GC invocations=3 (full 0):
 PSYoungGen      total 68608K, used 5106K [0x00000000eab00000, 0x00000000f3100000, 0x0000000100000000)
  eden space 63488K, 0% used [0x00000000eab00000,0x00000000eab00000,0x00000000ee900000)
  from space 5120K, 99% used [0x00000000ee900000,0x00000000eedfc868,0x00000000eee00000)
  to   space 5120K, 0% used [0x00000000f2c00000,0x00000000f2c00000,0x00000000f3100000)
 ParOldGen       total 84992K, used 13965K [0x00000000c0000000, 0x00000000c5300000, 0x00000000eab00000)
  object space 84992K, 16% used [0x00000000c0000000,0x00000000c0da36d0,0x00000000c5300000)
 Metaspace       used 5851K, capacity 7088K, committed 7296K, reserved 1056768K
  class space    used 555K, capacity 616K, committed 640K, reserved 1048576K
}

Deoptimization events (10 events):
Event: 4.516 Thread 0x00000000022cf800 Uncommon trap: reason=bimorphic action=maybe_recompile pc=0x000000000384ab0c method=java.util.HashMap.getNode(ILjava/lang/Object;)Ljava/util/HashMap$Node; @ 126
Event: 4.516 Thread 0x00000000022cf800 Uncommon trap: reason=bimorphic action=maybe_recompile pc=0x000000000384ab0c method=java.util.HashMap.getNode(ILjava/lang/Object;)Ljava/util/HashMap$Node; @ 126
Event: 4.516 Thread 0x00000000022cf800 Uncommon trap: reason=bimorphic action=maybe_recompile pc=0x000000000384ab0c method=java.util.HashMap.getNode(ILjava/lang/Object;)Ljava/util/HashMap$Node; @ 126
Event: 4.578 Thread 0x00000000022cf800 Uncommon trap: reason=bimorphic action=maybe_recompile pc=0x0000000003561b00 method=java.util.HashMap.getNode(ILjava/lang/Object;)Ljava/util/HashMap$Node; @ 126
Event: 4.649 Thread 0x00000000022cf800 Uncommon trap: reason=unreached action=reinterpret pc=0x00000000036e2700 method=com.android.dx.rop.code.LocalItem.hashCode()I @ 25
Event: 4.860 Thread 0x00000000022cf800 Uncommon trap: reason=bimorphic action=maybe_recompile pc=0x00000000039c70bc method=com.android.dx.cf.code.BytecodeArray.parseInstruction(ILcom/android/dx/cf/code/BytecodeArray$Visitor;)I @ 1161
Event: 4.860 Thread 0x00000000022cf800 Uncommon trap: reason=bimorphic action=maybe_recompile pc=0x00000000039c6ea4 method=com.android.dx.cf.code.BytecodeArray.parseInstruction(ILcom/android/dx/cf/code/BytecodeArray$Visitor;)I @ 1035
Event: 4.860 Thread 0x00000000022cf800 Uncommon trap: reason=bimorphic action=maybe_recompile pc=0x00000000039c6d78 method=com.android.dx.cf.code.BytecodeArray.parseInstruction(ILcom/android/dx/cf/code/BytecodeArray$Visitor;)I @ 987
Event: 4.860 Thread 0x00000000022cf800 Uncommon trap: reason=bimorphic action=maybe_recompile pc=0x00000000039c7028 method=com.android.dx.cf.code.BytecodeArray.parseInstruction(ILcom/android/dx/cf/code/BytecodeArray$Visitor;)I @ 1130
Event: 4.860 Thread 0x00000000022cf800 Uncommon trap: reason=bimorphic action=maybe_recompile pc=0x00000000039c7028 method=com.android.dx.cf.code.BytecodeArray.parseInstruction(ILcom/android/dx/cf/code/BytecodeArray$Visitor;)I @ 1130

Internal exceptions (10 events):
Event: 2.632 Thread 0x00000000022cf800 Exception <a 'java/security/PrivilegedActionException'> (0x00000000eb8bf160) thrown at [D:\re\workspace\8-2-build-windows-amd64-cygwin\jdk8u25\1677\hotspot\src\share\vm\prims\jvm.cpp, line 1312]
Event: 2.634 Thread 0x00000000022cf800 Exception <a 'java/security/PrivilegedActionException'> (0x00000000eb8c5058) thrown at [D:\re\workspace\8-2-build-windows-amd64-cygwin\jdk8u25\1677\hotspot\src\share\vm\prims\jvm.cpp, line 1312]
Event: 2.635 Thread 0x00000000022cf800 Implicit null exception at 0x00000000036898ee to 0x000000000368bb85
Event: 2.737 Thread 0x00000000022cf800 Exception <a 'java/security/PrivilegedActionException'> (0x00000000eba144f0) thrown at [D:\re\workspace\8-2-build-windows-amd64-cygwin\jdk8u25\1677\hotspot\src\share\vm\prims\jvm.cpp, line 1312]
Event: 3.232 Thread 0x00000000022cf800 Exception <a 'java/security/PrivilegedActionException'> (0x00000000ec76bc20) thrown at [D:\re\workspace\8-2-build-windows-amd64-cygwin\jdk8u25\1677\hotspot\src\share\vm\prims\jvm.cpp, line 1312]
Event: 3.271 Thread 0x00000000022cf800 Exception <a 'java/security/PrivilegedActionException'> (0x00000000ec8da838) thrown at [D:\re\workspace\8-2-build-windows-amd64-cygwin\jdk8u25\1677\hotspot\src\share\vm\prims\jvm.cpp, line 1312]
Event: 3.735 Thread 0x00000000022cf800 Exception <a 'java/security/PrivilegedActionException'> (0x00000000ec094a68) thrown at [D:\re\workspace\8-2-build-windows-amd64-cygwin\jdk8u25\1677\hotspot\src\share\vm\prims\jvm.cpp, line 1312]
Event: 3.735 Thread 0x00000000022cf800 Exception <a 'java/security/PrivilegedActionException'> (0x00000000ec097020) thrown at [D:\re\workspace\8-2-build-windows-amd64-cygwin\jdk8u25\1677\hotspot\src\share\vm\prims\jvm.cpp, line 1312]
Event: 3.736 Thread 0x00000000022cf800 Exception <a 'java/security/PrivilegedActionException'> (0x00000000ec0a6740) thrown at [D:\re\workspace\8-2-build-windows-amd64-cygwin\jdk8u25\1677\hotspot\src\share\vm\prims\jvm.cpp, line 1312]
Event: 3.853 Thread 0x00000000022cf800 Exception <a 'java/security/PrivilegedActionException'> (0x00000000ec8e0530) thrown at [D:\re\workspace\8-2-build-windows-amd64-cygwin\jdk8u25\1677\hotspot\src\share\vm\prims\jvm.cpp, line 1312]

Events (10 events):
Event: 4.860 Thread 0x00000000022cf800 DEOPT PACKING pc=0x00000000039c6d78 sp=0x000000000308e650
Event: 4.860 Thread 0x00000000022cf800 DEOPT UNPACKING pc=0x00000000033a556a sp=0x000000000308e5e8 mode 2
Event: 4.860 Thread 0x00000000022cf800 Uncommon trap: trap_request=0xffffffc6 fr.pc=0x00000000039c7028
Event: 4.860 Thread 0x00000000022cf800 DEOPT PACKING pc=0x00000000039c7028 sp=0x000000000308e650
Event: 4.860 Thread 0x00000000022cf800 DEOPT UNPACKING pc=0x00000000033a556a sp=0x000000000308e5e8 mode 2
Event: 4.860 Thread 0x00000000022cf800 Uncommon trap: trap_request=0xffffffc6 fr.pc=0x00000000039c7028
Event: 4.860 Thread 0x00000000022cf800 DEOPT PACKING pc=0x00000000039c7028 sp=0x000000000308e650
Event: 4.860 Thread 0x00000000022cf800 DEOPT UNPACKING pc=0x00000000033a556a sp=0x000000000308e5e8 mode 2
Event: 4.986 Executing VM operation: ParallelGCFailedAllocation
Event: 6.819 Executing VM operation: ParallelGCFailedAllocation done


Dynamic libraries:
0x000000013f580000 - 0x000000013f5b4000 	C:\Program Files\Java\jdk1.8.0_25\bin\java.exe
0x0000000077750000 - 0x00000000778f8000 	C:\Windows\SYSTEM32\ntdll.dll
0x0000000077630000 - 0x000000007774f000 	C:\Windows\system32\kernel32.dll
0x000007fefd640000 - 0x000007fefd6ac000 	C:\Windows\system32\KERNELBASE.dll
0x000007fefeee0000 - 0x000007fefefbb000 	C:\Windows\system32\ADVAPI32.dll
0x000007feff320000 - 0x000007feff3bf000 	C:\Windows\system32\msvcrt.dll
0x000007fefefc0000 - 0x000007fefefdf000 	C:\Windows\SYSTEM32\sechost.dll
0x000007fefe020000 - 0x000007fefe14d000 	C:\Windows\system32\RPCRT4.dll
0x0000000077530000 - 0x000000007762a000 	C:\Windows\system32\USER32.dll
0x000007fefdef0000 - 0x000007fefdf57000 	C:\Windows\system32\GDI32.dll
0x000007fefdf90000 - 0x000007fefdf9e000 	C:\Windows\system32\LPK.dll
0x000007feff4a0000 - 0x000007feff569000 	C:\Windows\system32\USP10.dll
0x000007fefbc00000 - 0x000007fefbdf4000 	C:\Windows\WinSxS\amd64_microsoft.windows.common-controls_6595b64144ccf1df_6.0.7601.18807_none_fa381d5f175bfb52\COMCTL32.dll
0x000007fefdfa0000 - 0x000007fefe011000 	C:\Windows\system32\SHLWAPI.dll
0x000007fefdf60000 - 0x000007fefdf8e000 	C:\Windows\system32\IMM32.DLL
0x000007feff210000 - 0x000007feff319000 	C:\Windows\system32\MSCTF.dll
0x000000006fc80000 - 0x000000006fce9000 	c:\program files (x86)\f-secure\hips\fshook64.dll
0x0000000077910000 - 0x0000000077917000 	C:\Windows\system32\PSAPI.DLL
0x0000000078980000 - 0x0000000078a52000 	C:\Program Files\Java\jdk1.8.0_25\jre\bin\msvcr100.dll
0x00000000023d0000 - 0x0000000002c2a000 	C:\Program Files\Java\jdk1.8.0_25\jre\bin\server\jvm.dll
0x000007fef95a0000 - 0x000007fef95a9000 	C:\Windows\system32\WSOCK32.dll
0x000007fefda30000 - 0x000007fefda7d000 	C:\Windows\system32\WS2_32.dll
0x000007feff570000 - 0x000007feff578000 	C:\Windows\system32\NSI.dll
0x000007fefb0e0000 - 0x000007fefb11b000 	C:\Windows\system32\WINMM.dll
0x0000000050110000 - 0x000000005011f000 	C:\Program Files\Java\jdk1.8.0_25\jre\bin\verify.dll
0x00000000500e0000 - 0x0000000050108000 	C:\Program Files\Java\jdk1.8.0_25\jre\bin\java.dll
0x00000000500c0000 - 0x00000000500d6000 	C:\Program Files\Java\jdk1.8.0_25\jre\bin\zip.dll
0x000007fefe150000 - 0x000007fefeed9000 	C:\Windows\system32\SHELL32.dll
0x000007fefefe0000 - 0x000007feff1e3000 	C:\Windows\system32\ole32.dll
0x000007fefd590000 - 0x000007fefd59f000 	C:\Windows\system32\profapi.dll
0x000007fede210000 - 0x000007fede335000 	C:\Windows\system32\dbghelp.dll

VM Arguments:
jvm_args: -Xmx1024M -Dfile.encoding=windows-1252 -Duser.country=CA -Duser.language=en -Duser.variant 
java_command: com.android.dx.command.Main --dex --output C:\Users\100569443\AndroidStudioProjects\ShareLove\app\build\intermediates\pre-dexed\debug\classes-50f66271871bd841b0b78645b9374835af8d26e9.jar C:\Users\100569443\AndroidStudioProjects\ShareLove\app\build\intermediates\exploded-aar\com.android.support\support-v4\22.2.0\jars\classes.jar
java_class_path (initial): C:\Users\100569443\AppData\Local\Android\sdk\build-tools\22.0.1\lib\dx.jar
Launcher Type: SUN_STANDARD

Environment Variables:
JAVA_HOME=C:\Program Files\Java\jdk1.8.0_25
PATH=C:\Program Files\Common Files\Microsoft Shared\Windows Live;C:\Program Files (x86)\Common Files\Microsoft Shared\Windows Live;C:\Program Files (x86)\HP SimplePass\x64;C:\Program Files (x86)\HP SimplePass\;;C:\ProgramData\Oracle\Java\javapath;C:\Windows\system32;C:\Windows;C:\Windows\System32\Wbem;C:\Windows\System32\WindowsPowerShell\v1.0\;C:\Program Files (x86)\QuickTime\QTSystem\;C:\Program Files (x86)\CambridgeSoft\ChemOffice2012\ChemScript\Lib;C:\Program Files (x86)\MATLAB\R2013a\runtime\win64;C:\Program Files (x86)\MATLAB\R2013a\bin;C:\Program Files\SASHome\Secure;C:\Program Files\SASHome\x86\Secure;C:\Program Files (x86)\Windows Kits\8.1\Windows Performance Toolkit\;C:\Program Files\Microsoft SQL Server\110\Tools\Binn\;C:\Program Files\Intel\WiFi\bin\;C:\Program Files\Common Files\Intel\WirelessCommon\;C:\Program Files (x86)\Windows Live\Shared;C:\Program Files (x86)\Skype\Phone\;C:\Program Files\Intel\WiFi\bin\;C:\Program Files\Common Files\Intel\WirelessCommon\
USERNAME=100569443
OS=Windows_NT
PROCESSOR_IDENTIFIER=Intel64 Family 6 Model 60 Stepping 3, GenuineIntel



---------------  S Y S T E M  ---------------

OS: Windows 7 , 64 bit Build 7601 Service Pack 1

CPU:total 4 (2 cores per cpu, 2 threads per core) family 6 model 60 stepping 3, cmov, cx8, fxsr, mmx, sse, sse2, sse3, ssse3, sse4.1, sse4.2, popcnt, avx, avx2, aes, clmul, erms, rtm, lzcnt, ht, tsc, tscinvbit, bmi1, bmi2

Memory: 4k page, physical 8065980k(737704k free), swap 11209856k(5684k free)

vm_info: Java HotSpot(TM) 64-Bit Server VM (25.25-b02) for windows-amd64 JRE (1.8.0_25-b18), built on Oct  7 2014 14:25:37 by "java_re" with MS VC++ 10.0 (VS2010)

time: Mon Jun 15 03:20:42 2015
elapsed time: 7 seconds (0d 0h 0m 7s)

