JvmtiExport can_access_local_variables 0
JvmtiExport can_hotswap_or_post_breakpoint 0
JvmtiExport can_post_on_exceptions 0
# 123 ciObject found
ciMethod java/lang/Object <init> ()V 4097 1 820568 0 0
ciMethod java/lang/Comparable compareTo (Ljava/lang/Object;)I 0 0 1 0 -1
ciMethod java/util/Comparator compare (Ljava/lang/Object;Ljava/lang/Object;)I 0 0 1 0 -1
ciMethodData java/lang/Object <init> ()V 2 820568 orig 264 184 158 138 2 0 0 0 0 136 4 22 21 0 0 0 0 32 1 0 0 0 0 0 0 0 0 0 0 0 0 0 0 0 0 0 0 0 0 0 0 0 0 0 0 0 0 0 0 0 0 0 0 0 0 0 0 0 0 0 0 0 0 0 0 0 0 0 0 0 0 0 0 0 0 0 0 0 0 0 0 77 68 79 32 101 120 116 114 97 32 100 97 116 97 32 108 111 99 107 0 0 0 0 0 0 0 0 0 0 0 0 0 0 0 0 0 0 0 0 0 0 0 0 0 0 0 0 0 0 0 0 0 0 0 0 0 0 0 0 0 0 0 0 0 0 0 0 0 0 0 0 0 0 0 0 0 0 0 0 0 0 0 0 0 0 0 0 0 0 0 0 0 0 0 0 0 0 0 0 0 0 0 0 0 1 0 0 0 0 0 0 0 1 0 0 0 0 0 0 0 1 0 0 0 0 0 0 0 0 0 0 0 0 0 0 0 0 2 0 0 193 26 100 0 1 0 0 0 0 0 0 0 0 0 0 0 2 0 0 0 0 0 3 0 3 0 0 0 0 0 0 0 255 255 255 255 0 0 0 0 0 0 0 0 data 0 oops 0
ciMethod java/util/TreeMap put (Ljava/lang/Object;Ljava/lang/Object;)Ljava/lang/Object; 3361 8065 5580 0 -1
ciMethod java/util/TreeMap compare (Ljava/lang/Object;Ljava/lang/Object;)I 1073 1 1204 0 0
ciMethod java/util/TreeMap colorOf (Ljava/util/TreeMap$Entry;)Z 1873 1 4541 0 0
ciMethod java/util/TreeMap parentOf (Ljava/util/TreeMap$Entry;)Ljava/util/TreeMap$Entry; 4097 1 48754 0 0
ciMethod java/util/TreeMap setColor (Ljava/util/TreeMap$Entry;Z)V 4097 1 11342 0 0
ciMethod java/util/TreeMap leftOf (Ljava/util/TreeMap$Entry;)Ljava/util/TreeMap$Entry; 3249 1 8409 0 0
ciMethod java/util/TreeMap rightOf (Ljava/util/TreeMap$Entry;)Ljava/util/TreeMap$Entry; 1473 1 2956 0 0
ciMethod java/util/TreeMap rotateLeft (Ljava/util/TreeMap$Entry;)V 753 1 1920 0 0
ciMethod java/util/TreeMap rotateRight (Ljava/util/TreeMap$Entry;)V 689 1 1426 0 0
ciMethod java/util/TreeMap fixAfterInsertion (Ljava/util/TreeMap$Entry;)V 2289 1873 4389 0 0
ciMethod java/util/TreeMap$Entry <init> (Ljava/lang/Object;Ljava/lang/Object;Ljava/util/TreeMap$Entry;)V 3361 1 5592 0 0
ciMethod java/util/TreeMap$Entry setValue (Ljava/lang/Object;)Ljava/lang/Object; 0 0 1 0 0
ciMethodData java/util/TreeMap parentOf (Ljava/util/TreeMap$Entry;)Ljava/util/TreeMap$Entry; 2 48800 orig 264 184 158 138 2 0 0 0 0 144 108 62 21 0 0 0 0 88 1 0 0 0 0 0 0 0 0 0 0 0 0 0 0 0 0 0 0 0 0 0 0 0 0 0 0 0 0 0 0 0 0 0 0 0 0 0 0 0 0 0 0 0 0 0 0 0 0 0 0 0 0 0 0 0 0 0 0 0 0 0 0 77 68 79 32 101 120 116 114 97 32 100 97 116 97 32 108 111 99 107 0 0 0 0 0 0 0 0 0 0 0 0 0 0 0 0 0 0 0 0 0 0 0 0 0 0 0 0 0 0 0 0 0 0 0 0 0 0 0 0 0 0 0 0 0 0 0 0 0 0 0 0 0 0 0 0 0 0 0 0 0 0 0 0 0 0 0 0 0 0 0 0 0 0 0 0 0 0 0 0 0 0 0 0 0 0 0 0 0 0 0 0 0 0 0 0 0 0 0 0 0 0 0 0 0 0 0 0 0 0 0 0 0 0 0 0 0 0 2 0 0 1 229 5 0 1 0 0 0 0 0 0 0 0 0 0 0 2 0 0 0 0 0 6 0 3 0 1 0 56 0 0 0 255 255 255 255 7 0 1 0 0 0 0 0 data 7 0x10007 0xbca0 0x38 0x0 0x50003 0x0 0x18 oops 0
ciMethodData java/util/TreeMap setColor (Ljava/util/TreeMap$Entry;Z)V 2 11349 orig 264 184 158 138 2 0 0 0 0 48 109 62 21 0 0 0 0 72 1 0 0 0 0 0 0 0 0 0 0 0 0 0 0 0 0 0 0 0 0 0 0 0 0 0 0 0 0 0 0 0 0 0 0 0 0 0 0 0 0 0 0 0 0 0 0 0 0 0 0 0 0 0 0 0 0 0 0 0 0 0 0 77 68 79 32 101 120 116 114 97 32 100 97 116 97 32 108 111 99 107 0 0 0 0 0 0 0 0 0 0 0 0 0 0 0 0 0 0 0 0 0 0 0 0 0 0 0 0 0 0 0 0 0 0 0 0 0 0 0 0 0 0 0 0 0 0 0 0 0 0 0 0 0 0 0 0 0 0 0 0 0 0 0 0 0 0 0 0 0 0 0 0 0 0 0 0 0 0 0 0 0 0 0 0 0 0 0 0 0 0 0 0 0 0 0 0 0 0 0 0 0 0 0 0 0 0 0 0 0 0 0 0 0 0 0 0 0 0 2 0 0 169 82 1 0 1 0 0 0 0 0 0 0 0 0 0 0 2 0 0 0 0 0 0 0 0 0 1 0 32 0 0 0 255 255 255 255 7 0 1 0 0 0 0 0 data 4 0x10007 0x0 0x20 0x2a55 oops 0
ciMethodData java/util/TreeMap put (Ljava/lang/Object;Ljava/lang/Object;)Ljava/lang/Object; 2 39472 orig 264 184 158 138 2 0 0 0 0 72 79 62 21 0 0 0 0 136 4 0 0 8 3 0 0 0 0 0 0 0 0 0 0 0 0 0 0 0 0 0 0 0 0 0 0 0 0 0 0 0 0 0 0 0 0 0 0 0 0 0 0 0 0 0 0 0 0 0 0 0 0 0 0 0 0 0 0 0 0 0 0 77 68 79 32 101 120 116 114 97 32 100 97 116 97 32 108 111 99 107 0 0 0 0 0 0 0 0 0 0 0 0 0 0 0 0 0 0 0 0 0 0 0 0 0 0 0 0 0 0 0 0 0 0 0 0 0 0 0 0 0 0 0 0 0 0 0 0 0 0 0 0 0 0 0 0 0 0 0 0 0 0 0 0 0 0 0 0 0 0 0 0 0 0 0 0 0 0 0 0 0 0 0 0 0 0 0 0 0 0 0 0 0 0 0 0 0 0 0 0 0 0 0 0 0 0 0 0 0 0 0 0 0 0 0 0 0 240 3 0 0 113 161 0 0 1 178 4 0 0 0 0 0 0 0 0 0 2 0 0 0 2 0 33 0 3 0 1 0 48 3 0 0 255 255 255 255 7 0 6 0 0 0 0 0 data 102 0x60007 0x1000 0x60 0x42e 0xc0005 0x0 0x190cd4e0 0x42e 0x0 0x0 0x180002 0x42e 0x370007 0x1000 0x128 0x0 0x440005 0x0 0x0 0x0 0x0 0x0 0x4d0007 0x0 0x38 0x0 0x550003 0x0 0x80 0x5a0007 0x0 0x38 0x0 0x620003 0x0 0x48 0x670005 0x0 0x0 0x0 0x0 0x0 0x6c0007 0x0 0xffffffffffffff30 0x0 0x6f0003 0x0 0x168 0x730007 0x1000 0x30 0x0 0x7a0002 0x0 0x7f0004 0x0 0x190cdb10 0x9f7 0x190cdbc0 0x1a0 0x8d0005 0x1339 0x190cdb10 0x76af 0x190cdbc0 0xc58 0x960007 0x4c8c 0x38 0x49b4 0x9e0003 0x49b4 0x80 0xa30007 0x0 0x38 0x4c8c 0xab0003 0x4c8c 0x48 0xb00005 0x0 0x0 0x0 0x0 0x0 0xb50007 0x8640 0xffffffffffffff30 0x1000 0xc00002 0x1000 0xc70007 0x926 0x38 0x6da 0xd10003 0x6da 0x18 0xde0002 0x1000 oops 5