#
# There is insufficient memory for the Java Runtime Environment to continue.
# Native memory allocation (malloc) failed to allocate 33554448 bytes for Chunk::new
# Possible reasons:
#   The system is out of physical RAM or swap space
#   In 32 bit mode, the process size limit was hit
# Possible solutions:
#   Reduce memory load on the system
#   Increase physical memory or swap space
#   Check if swap backing store is full
#   Use 64 bit Java on a 64 bit OS
#   Decrease Java heap size (-Xmx/-Xms)
#   Decrease number of Java threads
#   Decrease Java thread stack sizes (-Xss)
#   Set larger code cache with -XX:ReservedCodeCacheSize=
# This output file may be truncated or incomplete.
#
#  Out of Memory Error (allocation.cpp:390), pid=2128, tid=7184
#
# JRE version: Java(TM) SE Runtime Environment (8.0_25-b18) (build 1.8.0_25-b18)
# Java VM: Java HotSpot(TM) 64-Bit Server VM (25.25-b02 mixed mode windows-amd64 compressed oops)
# Failed to write core dump. Minidumps are not enabled by default on client versions of Windows
#

---------------  T H R E A D  ---------------

Current thread (0x0000000056179000):  JavaThread "C2 CompilerThread1" daemon [_thread_in_native, id=7184, stack(0x0000000056c50000,0x0000000056d50000)]

Stack: [0x0000000056c50000,0x0000000056d50000]
Native frames: (J=compiled Java code, j=interpreted, Vv=VM code, C=native code)
V  [jvm.dll+0x31667a]
V  [jvm.dll+0x267073]
V  [jvm.dll+0x267cb3]
V  [jvm.dll+0x25f5b5]
V  [jvm.dll+0xbf165]
V  [jvm.dll+0xbf60c]
V  [jvm.dll+0x40c68]
V  [jvm.dll+0x45f0b0]
V  [jvm.dll+0x45f36a]
V  [jvm.dll+0x46024f]
V  [jvm.dll+0x4625fa]
V  [jvm.dll+0x464745]
V  [jvm.dll+0x4650cc]
V  [jvm.dll+0x465413]
V  [jvm.dll+0x4522c3]
V  [jvm.dll+0x453864]
V  [jvm.dll+0x437372]
V  [jvm.dll+0x98a02]
V  [jvm.dll+0x991f3]
V  [jvm.dll+0x22bde4]
V  [jvm.dll+0x2852fa]
C  [msvcr100.dll+0x21d9f]
C  [msvcr100.dll+0x21e3b]
C  [kernel32.dll+0x159cd]
C  [ntdll.dll+0x2b891]


Current CompileTask:
C2:  12246 1773   !   4       com.android.dx.cf.code.Ropper::processBlock (1101 bytes)


---------------  P R O C E S S  ---------------

Java Threads: ( => current thread )
  0x00000000561c3800 JavaThread "Service Thread" daemon [_thread_blocked, id=10576, stack(0x0000000055c60000,0x0000000055d60000)]
  0x00000000561c0800 JavaThread "C1 CompilerThread2" daemon [_thread_blocked, id=12928, stack(0x0000000056960000,0x0000000056a60000)]
=>0x0000000056179000 JavaThread "C2 CompilerThread1" daemon [_thread_in_native, id=7184, stack(0x0000000056c50000,0x0000000056d50000)]
  0x0000000056172800 JavaThread "C2 CompilerThread0" daemon [_thread_in_native, id=8744, stack(0x0000000056a70000,0x0000000056b70000)]
  0x0000000054c24000 JavaThread "Attach Listener" daemon [_thread_blocked, id=13288, stack(0x0000000056820000,0x0000000056920000)]
  0x0000000054c21000 JavaThread "Signal Dispatcher" daemon [_thread_blocked, id=8128, stack(0x0000000056690000,0x0000000056790000)]
  0x0000000054bc5800 JavaThread "Finalizer" daemon [_thread_blocked, id=13168, stack(0x0000000056070000,0x0000000056170000)]
  0x0000000054bbc800 JavaThread "Reference Handler" daemon [_thread_blocked, id=9204, stack(0x0000000055f40000,0x0000000056040000)]
  0x0000000001f0f800 JavaThread "main" [_thread_in_native, id=240, stack(0x0000000002080000,0x0000000002180000)]

Other Threads:
  0x0000000054bb7000 VMThread [stack: 0x0000000055d80000,0x0000000055e80000] [id=5656]
  0x00000000561c7000 WatcherThread [stack: 0x0000000056d60000,0x0000000056e60000] [id=6540]

VM state:not at safepoint (normal execution)

VM Mutex/Monitor currently owned by a thread: None

Heap:
 PSYoungGen      total 68608K, used 15835K [0x00000000eab00000, 0x00000000ef300000, 0x0000000100000000)
  eden space 63488K, 16% used [0x00000000eab00000,0x00000000eb576f20,0x00000000ee900000)
  from space 5120K, 99% used [0x00000000eee00000,0x00000000ef2ffce0,0x00000000ef300000)
  to   space 5120K, 0% used [0x00000000ee900000,0x00000000ee900000,0x00000000eee00000)
 ParOldGen       total 84992K, used 41055K [0x00000000c0000000, 0x00000000c5300000, 0x00000000eab00000)
  object space 84992K, 48% used [0x00000000c0000000,0x00000000c2817f98,0x00000000c5300000)
 Metaspace       used 6865K, capacity 7672K, committed 7936K, reserved 1056768K
  class space    used 633K, capacity 688K, committed 768K, reserved 1048576K

Card table byte_map: [0x0000000011810000,0x0000000011a20000] byte_map_base: 0x0000000011210000

Marking Bits: (ParMarkBitMap*) 0x00000000706fd490
 Begin Bits: [0x0000000012030000, 0x0000000013030000)
 End Bits:   [0x0000000013030000, 0x0000000014030000)

Polling page: 0x0000000000330000

CodeCache: size=245760Kb used=10995Kb max_used=10995Kb free=234764Kb
 bounds [0x0000000002450000, 0x0000000002f20000, 0x0000000011450000]
 total_blobs=2678 nmethods=2408 adapters=183
 compilation: enabled

Compilation events (10 events):
Event: 11.875 Thread 0x0000000056172800 nmethod 2439 0x0000000002ea4950 code [0x0000000002ea4aa0, 0x0000000002ea4b98]
Event: 11.875 Thread 0x0000000056172800 2440       4       com.android.dx.util.ByteArrayAnnotatedOutput::annotates (13 bytes)
Event: 11.875 Thread 0x0000000056172800 nmethod 2440 0x0000000002eabb10 code [0x0000000002eabc40, 0x0000000002eabcb8]
Event: 11.877 Thread 0x00000000561c0800 nmethod 2443 0x0000000002ead6d0 code [0x0000000002eae160, 0x0000000002eb5758]
Event: 11.877 Thread 0x00000000561c0800 2444       3       com.android.dx.dex.file.Section::getAbsoluteOffset (38 bytes)
Event: 11.878 Thread 0x00000000561c0800 nmethod 2444 0x0000000002ead150 code [0x0000000002ead2e0, 0x0000000002ead5d8]
Event: 11.879 Thread 0x00000000561c0800 2445   !   3       com.android.dx.dex.file.OffsettedItem::writeTo (72 bytes)
Event: 11.880 Thread 0x00000000561c0800 nmethod 2445 0x0000000002ea9510 code [0x0000000002ea97a0, 0x0000000002eaa688]
Event: 11.880 Thread 0x00000000561c0800 2446       3       com.android.dx.util.ByteArrayAnnotatedOutput::assertCursor (48 bytes)
Event: 11.881 Thread 0x00000000561c0800 nmethod 2446 0x0000000002ebad50 code [0x0000000002ebaf60, 0x0000000002ebb978]

GC Heap History (10 events):
Event: 5.470 GC heap before
{Heap before GC invocations=2 (full 0):
 PSYoungGen      total 36864K, used 36863K [0x00000000eab00000, 0x00000000ef300000, 0x0000000100000000)
  eden space 31744K, 100% used [0x00000000eab00000,0x00000000eca00000,0x00000000eca00000)
  from space 5120K, 99% used [0x00000000eca00000,0x00000000ecefff98,0x00000000ecf00000)
  to   space 5120K, 0% used [0x00000000eee00000,0x00000000eee00000,0x00000000ef300000)
 ParOldGen       total 84992K, used 1259K [0x00000000c0000000, 0x00000000c5300000, 0x00000000eab00000)
  object space 84992K, 1% used [0x00000000c0000000,0x00000000c013ada0,0x00000000c5300000)
 Metaspace       used 5862K, capacity 7088K, committed 7296K, reserved 1056768K
  class space    used 555K, capacity 616K, committed 640K, reserved 1048576K
Event: 5.515 GC heap after
Heap after GC invocations=2 (full 0):
 PSYoungGen      total 68608K, used 5092K [0x00000000eab00000, 0x00000000ef300000, 0x0000000100000000)
  eden space 63488K, 0% used [0x00000000eab00000,0x00000000eab00000,0x00000000ee900000)
  from space 5120K, 99% used [0x00000000eee00000,0x00000000ef2f90c8,0x00000000ef300000)
  to   space 5120K, 0% used [0x00000000ee900000,0x00000000ee900000,0x00000000eee00000)
 ParOldGen       total 84992K, used 5726K [0x00000000c0000000, 0x00000000c5300000, 0x00000000eab00000)
  object space 84992K, 6% used [0x00000000c0000000,0x00000000c05979f8,0x00000000c5300000)
 Metaspace       used 5862K, capacity 7088K, committed 7296K, reserved 1056768K
  class space    used 555K, capacity 616K, committed 640K, reserved 1048576K
}
Event: 6.423 GC heap before
{Heap before GC invocations=3 (full 0):
 PSYoungGen      total 68608K, used 68580K [0x00000000eab00000, 0x00000000ef300000, 0x0000000100000000)
  eden space 63488K, 100% used [0x00000000eab00000,0x00000000ee900000,0x00000000ee900000)
  from space 5120K, 99% used [0x00000000eee00000,0x00000000ef2f90c8,0x00000000ef300000)
  to   space 5120K, 0% used [0x00000000ee900000,0x00000000ee900000,0x00000000eee00000)
 ParOldGen       total 84992K, used 5726K [0x00000000c0000000, 0x00000000c5300000, 0x00000000eab00000)
  object space 84992K, 6% used [0x00000000c0000000,0x00000000c05979f8,0x00000000c5300000)
 Metaspace       used 5997K, capacity 7088K, committed 7296K, reserved 1056768K
  class space    used 574K, capacity 616K, committed 640K, reserved 1048576K
Event: 6.458 GC heap after
Heap after GC invocations=3 (full 0):
 PSYoungGen      total 68608K, used 5115K [0x00000000eab00000, 0x00000000ef300000, 0x0000000100000000)
  eden space 63488K, 0% used [0x00000000eab00000,0x00000000eab00000,0x00000000ee900000)
  from space 5120K, 99% used [0x00000000ee900000,0x00000000eedfecf0,0x00000000eee00000)
  to   space 5120K, 0% used [0x00000000eee00000,0x00000000eee00000,0x00000000ef300000)
 ParOldGen       total 84992K, used 14894K [0x00000000c0000000, 0x00000000c5300000, 0x00000000eab00000)
  object space 84992K, 17% used [0x00000000c0000000,0x00000000c0e8bab8,0x00000000c5300000)
 Metaspace       used 5997K, capacity 7088K, committed 7296K, reserved 1056768K
  class space    used 574K, capacity 616K, committed 640K, reserved 1048576K
}
Event: 7.111 GC heap before
{Heap before GC invocations=4 (full 0):
 PSYoungGen      total 68608K, used 68603K [0x00000000eab00000, 0x00000000ef300000, 0x0000000100000000)
  eden space 63488K, 100% used [0x00000000eab00000,0x00000000ee900000,0x00000000ee900000)
  from space 5120K, 99% used [0x00000000ee900000,0x00000000eedfecf0,0x00000000eee00000)
  to   space 5120K, 0% used [0x00000000eee00000,0x00000000eee00000,0x00000000ef300000)
 ParOldGen       total 84992K, used 14894K [0x00000000c0000000, 0x00000000c5300000, 0x00000000eab00000)
  object space 84992K, 17% used [0x00000000c0000000,0x00000000c0e8bab8,0x00000000c5300000)
 Metaspace       used 6017K, capacity 7088K, committed 7296K, reserved 1056768K
  class space    used 575K, capacity 616K, committed 640K, reserved 1048576K
Event: 7.139 GC heap after
Heap after GC invocations=4 (full 0):
 PSYoungGen      total 68608K, used 5115K [0x00000000eab00000, 0x00000000ef300000, 0x0000000100000000)
  eden space 63488K, 0% used [0x00000000eab00000,0x00000000eab00000,0x00000000ee900000)
  from space 5120K, 99% used [0x00000000eee00000,0x00000000ef2fecf0,0x00000000ef300000)
  to   space 5120K, 0% used [0x00000000ee900000,0x00000000ee900000,0x00000000eee00000)
 ParOldGen       total 84992K, used 24546K [0x00000000c0000000, 0x00000000c5300000, 0x00000000eab00000)
  object space 84992K, 28% used [0x00000000c0000000,0x00000000c17f8a48,0x00000000c5300000)
 Metaspace       used 6017K, capacity 7088K, committed 7296K, reserved 1056768K
  class space    used 575K, capacity 616K, committed 640K, reserved 1048576K
}
Event: 7.764 GC heap before
{Heap before GC invocations=5 (full 0):
 PSYoungGen      total 68608K, used 68603K [0x00000000eab00000, 0x00000000ef300000, 0x0000000100000000)
  eden space 63488K, 100% used [0x00000000eab00000,0x00000000ee900000,0x00000000ee900000)
  from space 5120K, 99% used [0x00000000eee00000,0x00000000ef2fecf0,0x00000000ef300000)
  to   space 5120K, 0% used [0x00000000ee900000,0x00000000ee900000,0x00000000eee00000)
 ParOldGen       total 84992K, used 24546K [0x00000000c0000000, 0x00000000c5300000, 0x00000000eab00000)
  object space 84992K, 28% used [0x00000000c0000000,0x00000000c17f8a48,0x00000000c5300000)
 Metaspace       used 6068K, capacity 7152K, committed 7296K, reserved 1056768K
  class space    used 575K, capacity 616K, committed 640K, reserved 1048576K
Event: 7.875 GC heap after
Heap after GC invocations=5 (full 0):
 PSYoungGen      total 68608K, used 5118K [0x00000000eab00000, 0x00000000ef300000, 0x0000000100000000)
  eden space 63488K, 0% used [0x00000000eab00000,0x00000000eab00000,0x00000000ee900000)
  from space 5120K, 99% used [0x00000000ee900000,0x00000000eedff848,0x00000000eee00000)
  to   space 5120K, 0% used [0x00000000eee00000,0x00000000eee00000,0x00000000ef300000)
 ParOldGen       total 84992K, used 34099K [0x00000000c0000000, 0x00000000c5300000, 0x00000000eab00000)
  object space 84992K, 40% used [0x00000000c0000000,0x00000000c214cd98,0x00000000c5300000)
 Metaspace       used 6068K, capacity 7152K, committed 7296K, reserved 1056768K
  class space    used 575K, capacity 616K, committed 640K, reserved 1048576K
}
Event: 11.092 GC heap before
{Heap before GC invocations=6 (full 0):
 PSYoungGen      total 68608K, used 68606K [0x00000000eab00000, 0x00000000ef300000, 0x0000000100000000)
  eden space 63488K, 100% used [0x00000000eab00000,0x00000000ee900000,0x00000000ee900000)
  from space 5120K, 99% used [0x00000000ee900000,0x00000000eedff848,0x00000000eee00000)
  to   space 5120K, 0% used [0x00000000eee00000,0x00000000eee00000,0x00000000ef300000)
 ParOldGen       total 84992K, used 34099K [0x00000000c0000000, 0x00000000c5300000, 0x00000000eab00000)
  object space 84992K, 40% used [0x00000000c0000000,0x00000000c214cd98,0x00000000c5300000)
 Metaspace       used 6395K, capacity 7408K, committed 7552K, reserved 1056768K
  class space    used 593K, capacity 616K, committed 640K, reserved 1048576K
Event: 11.491 GC heap after
Heap after GC invocations=6 (full 0):
 PSYoungGen      total 68608K, used 5119K [0x00000000eab00000, 0x00000000ef300000, 0x0000000100000000)
  eden space 63488K, 0% used [0x00000000eab00000,0x00000000eab00000,0x00000000ee900000)
  from space 5120K, 99% used [0x00000000eee00000,0x00000000ef2ffce0,0x00000000ef300000)
  to   space 5120K, 0% used [0x00000000ee900000,0x00000000ee900000,0x00000000eee00000)
 ParOldGen       total 84992K, used 41055K [0x00000000c0000000, 0x00000000c5300000, 0x00000000eab00000)
  object space 84992K, 48% used [0x00000000c0000000,0x00000000c2817f98,0x00000000c5300000)
 Metaspace       used 6395K, capacity 7408K, committed 7552K, reserved 1056768K
  class space    used 593K, capacity 616K, committed 640K, reserved 1048576K
}

Deoptimization events (10 events):
Event: 10.610 Thread 0x0000000001f0f800 Uncommon trap: reason=class_check action=maybe_recompile pc=0x0000000002903e10 method=java.util.Arrays.hashCode([Ljava/lang/Object;)I @ 43
Event: 10.610 Thread 0x0000000001f0f800 Uncommon trap: reason=class_check action=maybe_recompile pc=0x0000000002903e10 method=java.util.Arrays.hashCode([Ljava/lang/Object;)I @ 43
Event: 10.835 Thread 0x0000000001f0f800 Uncommon trap: reason=speculate_class_check action=maybe_recompile pc=0x0000000002871df0 method=com.android.dx.util.FixedSizeList.equals(Ljava/lang/Object;)Z @ 25
Event: 10.879 Thread 0x0000000001f0f800 Uncommon trap: reason=speculate_class_check action=maybe_recompile pc=0x0000000002871df0 method=com.android.dx.util.FixedSizeList.equals(Ljava/lang/Object;)Z @ 25
Event: 10.879 Thread 0x0000000001f0f800 Uncommon trap: reason=class_check action=maybe_recompile pc=0x0000000002878278 method=java.util.Arrays.equals([Ljava/lang/Object;[Ljava/lang/Object;)Z @ 62
Event: 10.879 Thread 0x0000000001f0f800 Uncommon trap: reason=speculate_class_check action=maybe_recompile pc=0x0000000002871df0 method=com.android.dx.util.FixedSizeList.equals(Ljava/lang/Object;)Z @ 25
Event: 10.879 Thread 0x0000000001f0f800 Uncommon trap: reason=class_check action=maybe_recompile pc=0x0000000002878278 method=java.util.Arrays.equals([Ljava/lang/Object;[Ljava/lang/Object;)Z @ 62
Event: 10.879 Thread 0x0000000001f0f800 Uncommon trap: reason=speculate_class_check action=maybe_recompile pc=0x0000000002871df0 method=com.android.dx.util.FixedSizeList.equals(Ljava/lang/Object;)Z @ 25
Event: 10.879 Thread 0x0000000001f0f800 Uncommon trap: reason=class_check action=maybe_recompile pc=0x0000000002878278 method=java.util.Arrays.equals([Ljava/lang/Object;[Ljava/lang/Object;)Z @ 62
Event: 10.879 Thread 0x0000000001f0f800 Uncommon trap: reason=class_check action=maybe_recompile pc=0x0000000002878278 method=java.util.Arrays.equals([Ljava/lang/Object;[Ljava/lang/Object;)Z @ 62

Internal exceptions (10 events):
Event: 10.835 Thread 0x0000000001f0f800 Exception <a 'java/security/PrivilegedActionException'> (0x00000000ee344d80) thrown at [D:\re\workspace\8-2-build-windows-amd64-cygwin\jdk8u25\1677\hotspot\src\share\vm\prims\jvm.cpp, line 1312]
Event: 10.835 Thread 0x0000000001f0f800 Exception <a 'java/security/PrivilegedActionException'> (0x00000000ee347e60) thrown at [D:\re\workspace\8-2-build-windows-amd64-cygwin\jdk8u25\1677\hotspot\src\share\vm\prims\jvm.cpp, line 1312]
Event: 10.836 Thread 0x0000000001f0f800 Exception <a 'java/security/PrivilegedActionException'> (0x00000000ee34b110) thrown at [D:\re\workspace\8-2-build-windows-amd64-cygwin\jdk8u25\1677\hotspot\src\share\vm\prims\jvm.cpp, line 1312]
Event: 10.843 Thread 0x0000000001f0f800 Exception <a 'java/security/PrivilegedActionException'> (0x00000000ee35c448) thrown at [D:\re\workspace\8-2-build-windows-amd64-cygwin\jdk8u25\1677\hotspot\src\share\vm\prims\jvm.cpp, line 1312]
Event: 11.602 Thread 0x0000000001f0f800 Exception <a 'java/security/PrivilegedActionException'> (0x00000000eae74018) thrown at [D:\re\workspace\8-2-build-windows-amd64-cygwin\jdk8u25\1677\hotspot\src\share\vm\prims\jvm.cpp, line 1312]
Event: 11.604 Thread 0x0000000001f0f800 Exception <a 'java/security/PrivilegedActionException'> (0x00000000eae7fe60) thrown at [D:\re\workspace\8-2-build-windows-amd64-cygwin\jdk8u25\1677\hotspot\src\share\vm\prims\jvm.cpp, line 1312]
Event: 11.604 Thread 0x0000000001f0f800 Exception <a 'java/security/PrivilegedActionException'> (0x00000000eae82c10) thrown at [D:\re\workspace\8-2-build-windows-amd64-cygwin\jdk8u25\1677\hotspot\src\share\vm\prims\jvm.cpp, line 1312]
Event: 11.720 Thread 0x0000000001f0f800 Exception <a 'java/security/PrivilegedActionException'> (0x00000000eb2d8b50) thrown at [D:\re\workspace\8-2-build-windows-amd64-cygwin\jdk8u25\1677\hotspot\src\share\vm\prims\jvm.cpp, line 1312]
Event: 11.746 Thread 0x0000000001f0f800 Exception <a 'java/security/PrivilegedActionException'> (0x00000000eb39f690) thrown at [D:\re\workspace\8-2-build-windows-amd64-cygwin\jdk8u25\1677\hotspot\src\share\vm\prims\jvm.cpp, line 1312]
Event: 11.755 Thread 0x0000000001f0f800 Exception <a 'java/security/PrivilegedActionException'> (0x00000000eb3a53a0) thrown at [D:\re\workspace\8-2-build-windows-amd64-cygwin\jdk8u25\1677\hotspot\src\share\vm\prims\jvm.cpp, line 1312]

Events (10 events):
Event: 11.715 Thread 0x0000000001f0f800 DEOPT PACKING pc=0x0000000002e5119f sp=0x000000000217e900
Event: 11.715 Thread 0x0000000001f0f800 DEOPT UNPACKING pc=0x00000000024975bf sp=0x000000000217e728 mode 0
Event: 11.720 loading class com/android/dex/EncodedValueCodec
Event: 11.720 loading class com/android/dex/EncodedValueCodec done
Event: 11.744 Thread 0x0000000001f0f800 DEOPT PACKING pc=0x0000000002e45549 sp=0x000000000217ea20
Event: 11.744 Thread 0x0000000001f0f800 DEOPT UNPACKING pc=0x00000000024975bf sp=0x000000000217e748 mode 0
Event: 11.746 loading class com/android/dx/dex/file/MapItem
Event: 11.746 loading class com/android/dx/dex/file/MapItem done
Event: 11.755 loading class com/android/dex/DexFormat
Event: 11.755 loading class com/android/dex/DexFormat done


Dynamic libraries:
0x000000013fab0000 - 0x000000013fae4000 	C:\Program Files\Java\jdk1.8.0_25\bin\java.exe
0x0000000077270000 - 0x0000000077418000 	C:\Windows\SYSTEM32\ntdll.dll
0x0000000077150000 - 0x000000007726f000 	C:\Windows\system32\kernel32.dll
0x000007fefd0d0000 - 0x000007fefd13c000 	C:\Windows\system32\KERNELBASE.dll
0x000007fefd8c0000 - 0x000007fefd99b000 	C:\Windows\system32\ADVAPI32.dll
0x000007feff230000 - 0x000007feff2cf000 	C:\Windows\system32\msvcrt.dll
0x000007fefea30000 - 0x000007fefea4f000 	C:\Windows\SYSTEM32\sechost.dll
0x000007fefd470000 - 0x000007fefd59d000 	C:\Windows\system32\RPCRT4.dll
0x0000000077050000 - 0x000000007714a000 	C:\Windows\system32\USER32.dll
0x000007fefeb80000 - 0x000007fefebe7000 	C:\Windows\system32\GDI32.dll
0x000007fefd600000 - 0x000007fefd60e000 	C:\Windows\system32\LPK.dll
0x000007feff4b0000 - 0x000007feff579000 	C:\Windows\system32\USP10.dll
0x000007fefb6c0000 - 0x000007fefb8b4000 	C:\Windows\WinSxS\amd64_microsoft.windows.common-controls_6595b64144ccf1df_6.0.7601.18807_none_fa381d5f175bfb52\COMCTL32.dll
0x000007fefec10000 - 0x000007fefec81000 	C:\Windows\system32\SHLWAPI.dll
0x000007fefd610000 - 0x000007fefd63e000 	C:\Windows\system32\IMM32.DLL
0x000007fefd7b0000 - 0x000007fefd8b9000 	C:\Windows\system32\MSCTF.dll
0x0000000070be0000 - 0x0000000070c49000 	c:\program files (x86)\f-secure\hips\fshook64.dll
0x0000000077430000 - 0x0000000077437000 	C:\Windows\system32\PSAPI.DLL
0x000000005d910000 - 0x000000005d9e2000 	C:\Program Files\Java\jdk1.8.0_25\jre\bin\msvcr100.dll
0x000000006ff20000 - 0x000000007077a000 	C:\Program Files\Java\jdk1.8.0_25\jre\bin\server\jvm.dll
0x000007fef3370000 - 0x000007fef3379000 	C:\Windows\system32\WSOCK32.dll
0x000007fefd9a0000 - 0x000007fefd9ed000 	C:\Windows\system32\WS2_32.dll
0x000007fefead0000 - 0x000007fefead8000 	C:\Windows\system32\NSI.dll
0x000007fefaca0000 - 0x000007fefacdb000 	C:\Windows\system32\WINMM.dll
0x0000000000320000 - 0x000000000032f000 	C:\Program Files\Java\jdk1.8.0_25\jre\bin\verify.dll
0x000000005d8e0000 - 0x000000005d908000 	C:\Program Files\Java\jdk1.8.0_25\jre\bin\java.dll
0x000000005dc80000 - 0x000000005dc96000 	C:\Program Files\Java\jdk1.8.0_25\jre\bin\zip.dll
0x000007fefd9f0000 - 0x000007fefe779000 	C:\Windows\system32\SHELL32.dll
0x000007fefe820000 - 0x000007fefea23000 	C:\Windows\system32\ole32.dll
0x000007fefd0b0000 - 0x000007fefd0bf000 	C:\Windows\system32\profapi.dll
0x000007fefb530000 - 0x000007fefb655000 	C:\Windows\system32\dbghelp.dll

VM Arguments:
jvm_args: -Xmx1024M -Dfile.encoding=windows-1252 -Duser.country=CA -Duser.language=en -Duser.variant 
java_command: com.android.dx.command.Main --dex --output C:\Users\100569443\OneDrive\ShareLove\app\build\intermediates\pre-dexed\debug\classes-6eab316571b1e6c8fee4768cff6f7f0a6442e4ef.jar C:\Users\100569443\OneDrive\ShareLove\app\build\intermediates\exploded-aar\com.android.support\appcompat-v7\22.2.0\jars\classes.jar
java_class_path (initial): C:\Users\100569443\AppData\Local\Android\sdk\build-tools\22.0.1\lib\dx.jar
Launcher Type: SUN_STANDARD

Environment Variables:
JAVA_HOME=C:\Program Files\Java\jdk1.8.0_45
PATH=C:\Program Files\Common Files\Microsoft Shared\Windows Live;C:\Program Files (x86)\Common Files\Microsoft Shared\Windows Live;C:\ProgramData\Oracle\Java\javapath;C:\Windows\system32;C:\Windows;C:\Windows\System32\Wbem;C:\Windows\System32\WindowsPowerShell\v1.0\;C:\Program Files (x86)\QuickTime\QTSystem\;C:\Program Files (x86)\CambridgeSoft\ChemOffice2012\ChemScript\Lib;C:\Program Files (x86)\MATLAB\R2013a\runtime\win64;C:\Program Files (x86)\MATLAB\R2013a\bin;C:\Program Files\SASHome\Secure;C:\Program Files\SASHome\x86\Secure;C:\Program Files (x86)\Windows Kits\8.1\Windows Performance Toolkit\;C:\Program Files\Microsoft SQL Server\110\Tools\Binn\;C:\Program Files\Intel\WiFi\bin\;C:\Program Files\Common Files\Intel\WirelessCommon\;C:\Program Files (x86)\Windows Live\Shared;C:\Program Files (x86)\Skype\Phone\;C:\Program Files\Intel\WiFi\bin\;C:\Program Files\Common Files\Intel\WirelessCommon\
USERNAME=100569443
OS=Windows_NT
PROCESSOR_IDENTIFIER=Intel64 Family 6 Model 60 Stepping 3, GenuineIntel



---------------  S Y S T E M  ---------------

OS: Windows 7 , 64 bit Build 7601 Service Pack 1

CPU:total 4 (2 cores per cpu, 2 threads per core) family 6 model 60 stepping 3, cmov, cx8, fxsr, mmx, sse, sse2, sse3, ssse3, sse4.1, sse4.2, popcnt, avx, avx2, aes, clmul, erms, rtm, lzcnt, ht, tsc, tscinvbit, bmi1, bmi2

Memory: 4k page, physical 8065980k(499204k free), swap 11209856k(12232k free)

vm_info: Java HotSpot(TM) 64-Bit Server VM (25.25-b02) for windows-amd64 JRE (1.8.0_25-b18), built on Oct  7 2014 14:25:37 by "java_re" with MS VC++ 10.0 (VS2010)

time: Thu Jul 02 00:35:28 2015
elapsed time: 12 seconds (0d 0h 0m 12s)

